<?xml version="1.0" encoding="UTF-8"?>
<testsuite name="tests.WebQuizEngineTest" tests="1" skipped="0" failures="0" errors="0" timestamp="2020-10-21T21:39:13" hostname="USER-S" time="65.63">
  <properties/>
  <testcase name="start" classname="tests.WebQuizEngineTest" time="65.63"/>
  <system-out><![CDATA[?[1;31m
Start test 1?[0m

  .   ____          _            __ _ _
 /\\ / ___'_ __ _ _(_)_ __  __ _ \ \ \ \
( ( )\___ | '_ | '_| | '_ \/ _` | \ \ \ \
 \\/  ___)| |_)| | | | | || (_| |  ) ) ) )
  '  |____| .__|_| |_|_| |_\__, | / / / /
 =========|_|==============|___/=/_/_/_/
 :: Spring Boot ::        (v2.3.4.RELEASE)

2020-10-22 00:39:16.280  INFO 2532 --- [    Test worker] engine.WebQuizEngine                     : Starting WebQuizEngine on USER-S with PID 2532 (started by User in C:\Users\User\Downloads\Web Quiz Engine\Web Quiz Engine\task)
2020-10-22 00:39:16.304  INFO 2532 --- [    Test worker] engine.WebQuizEngine                     : No active profile set, falling back to default profiles: default
2020-10-22 00:39:20.692  INFO 2532 --- [    Test worker] .s.d.r.c.RepositoryConfigurationDelegate : Bootstrapping Spring Data JPA repositories in DEFERRED mode.
2020-10-22 00:39:20.864  INFO 2532 --- [    Test worker] .s.d.r.c.RepositoryConfigurationDelegate : Finished Spring Data repository scanning in 162ms. Found 3 JPA repository interfaces.
2020-10-22 00:39:22.384  INFO 2532 --- [    Test worker] o.s.b.w.embedded.tomcat.TomcatWebServer  : Tomcat initialized with port(s): 8889 (http)
2020-10-22 00:39:22.408  INFO 2532 --- [    Test worker] o.apache.catalina.core.StandardService   : Starting service [Tomcat]
2020-10-22 00:39:22.408  INFO 2532 --- [    Test worker] org.apache.catalina.core.StandardEngine  : Starting Servlet engine: [Apache Tomcat/9.0.38]
2020-10-22 00:39:22.808  INFO 2532 --- [    Test worker] o.a.c.c.C.[Tomcat].[localhost].[/]       : Initializing Spring embedded WebApplicationContext
2020-10-22 00:39:22.808  INFO 2532 --- [    Test worker] w.s.c.ServletWebServerApplicationContext : Root WebApplicationContext: initialization completed in 6248 ms
2020-10-22 00:39:23.175  INFO 2532 --- [    Test worker] com.zaxxer.hikari.HikariDataSource       : HikariPool-1 - Starting...
2020-10-22 00:39:23.804  INFO 2532 --- [    Test worker] com.zaxxer.hikari.HikariDataSource       : HikariPool-1 - Start completed.
2020-10-22 00:39:23.835  INFO 2532 --- [    Test worker] o.s.b.a.h2.H2ConsoleAutoConfiguration    : H2 console available at '/h2-console'. Database available at 'jdbc:h2:file:../quizdb'
2020-10-22 00:39:24.257  INFO 2532 --- [    Test worker] o.s.s.concurrent.ThreadPoolTaskExecutor  : Initializing ExecutorService 'applicationTaskExecutor'
2020-10-22 00:39:24.441  INFO 2532 --- [         task-1] o.hibernate.jpa.internal.util.LogHelper  : HHH000204: Processing PersistenceUnitInfo [name: default]
2020-10-22 00:39:24.826  WARN 2532 --- [    Test worker] JpaBaseConfiguration$JpaWebConfiguration : spring.jpa.open-in-view is enabled by default. Therefore, database queries may be performed during view rendering. Explicitly configure spring.jpa.open-in-view to disable this warning
2020-10-22 00:39:24.962  INFO 2532 --- [         task-1] org.hibernate.Version                    : HHH000412: Hibernate ORM core version 5.4.21.Final
2020-10-22 00:39:26.003  INFO 2532 --- [         task-1] o.hibernate.annotations.common.Version   : HCANN000001: Hibernate Commons Annotations {5.1.0.Final}
2020-10-22 00:39:26.155  INFO 2532 --- [    Test worker] o.s.s.web.DefaultSecurityFilterChain     : Creating filter chain: any request, [org.springframework.security.web.context.request.async.WebAsyncManagerIntegrationFilter@1c1608ce, org.springframework.security.web.context.SecurityContextPersistenceFilter@12e281f5, org.springframework.security.web.header.HeaderWriterFilter@2db1ba06, org.springframework.security.web.authentication.logout.LogoutFilter@7c77765, org.springframework.security.web.authentication.www.BasicAuthenticationFilter@3059c9c8, org.springframework.security.web.savedrequest.RequestCacheAwareFilter@13c00529, org.springframework.security.web.servletapi.SecurityContextHolderAwareRequestFilter@7346c4e8, org.springframework.security.web.authentication.AnonymousAuthenticationFilter@504e9f8, org.springframework.security.web.session.SessionManagementFilter@97748df, org.springframework.security.web.access.ExceptionTranslationFilter@69af4ad3, org.springframework.security.web.access.intercept.FilterSecurityInterceptor@3b8cc586]
2020-10-22 00:39:26.779  INFO 2532 --- [         task-1] org.hibernate.dialect.Dialect            : HHH000400: Using dialect: org.hibernate.dialect.H2Dialect
Hibernate: create table quiz (id bigint not null, answers binary(255), email varchar(255), options binary(255), text varchar(255), title varchar(255), primary key (id))
Hibernate: create table quiz_completion_data (stamp_id bigint not null, completed_at timestamp, email varchar(255), id bigint, primary key (stamp_id))
Hibernate: create table user_data (email varchar(255) not null, password varchar(255), primary key (email))
Hibernate: create sequence hibernate_sequence start with 1 increment by 1
2020-10-22 00:39:29.526  INFO 2532 --- [         task-1] o.h.e.t.j.p.i.JtaPlatformInitiator       : HHH000490: Using JtaPlatform implementation: [org.hibernate.engine.transaction.jta.platform.internal.NoJtaPlatform]
2020-10-22 00:39:29.541  INFO 2532 --- [         task-1] j.LocalContainerEntityManagerFactoryBean : Initialized JPA EntityManagerFactory for persistence unit 'default'
2020-10-22 00:39:29.807  INFO 2532 --- [    Test worker] o.s.b.a.e.web.EndpointLinksResolver      : Exposing 14 endpoint(s) beneath base path '/actuator'
2020-10-22 00:39:29.944  INFO 2532 --- [    Test worker] o.s.b.w.embedded.tomcat.TomcatWebServer  : Tomcat started on port(s): 8889 (http) with context path ''
2020-10-22 00:39:29.944  INFO 2532 --- [    Test worker] DeferredRepositoryInitializationListener : Triggering deferred initialization of Spring Data repositories…
2020-10-22 00:39:30.819  INFO 2532 --- [    Test worker] DeferredRepositoryInitializationListener : Spring Data repositories initialized!
2020-10-22 00:39:30.850  INFO 2532 --- [    Test worker] engine.WebQuizEngine                     : Started WebQuizEngine in 16.345 seconds (JVM running for 18.703)
2020-10-22 00:39:31.656  INFO 2532 --- [nio-8889-exec-1] o.a.c.c.C.[Tomcat].[localhost].[/]       : Initializing Spring DispatcherServlet 'dispatcherServlet'
2020-10-22 00:39:31.671  INFO 2532 --- [nio-8889-exec-1] o.s.web.servlet.DispatcherServlet        : Initializing Servlet 'dispatcherServlet'
2020-10-22 00:39:31.687  INFO 2532 --- [nio-8889-exec-1] o.s.web.servlet.DispatcherServlet        : Completed initialization in 16 ms
Hibernate: select userdata0_.email as email1_2_, userdata0_.password as password2_2_ from user_data userdata0_ where userdata0_.email=?
Hibernate: select userdata0_.email as email1_2_0_, userdata0_.password as password2_2_0_ from user_data userdata0_ where userdata0_.email=?
Hibernate: insert into user_data (password, email) values (?, ?)
?[1;31m
Start test 2?[0m
Hibernate: select userdata0_.email as email1_2_, userdata0_.password as password2_2_ from user_data userdata0_ where userdata0_.email=?
Hibernate: select userdata0_.email as email1_2_0_, userdata0_.password as password2_2_0_ from user_data userdata0_ where userdata0_.email=?
Hibernate: insert into user_data (password, email) values (?, ?)
?[1;31m
Start test 3?[0m
Hibernate: select userdata0_.email as email1_2_, userdata0_.password as password2_2_ from user_data userdata0_ where userdata0_.email=?
?[1;31m
Start test 4?[0m
Hibernate: select userdata0_.email as email1_2_, userdata0_.password as password2_2_ from user_data userdata0_ where userdata0_.email=?
?[1;31m
Start test 5?[0m
Hibernate: select userdata0_.email as email1_2_, userdata0_.password as password2_2_ from user_data userdata0_ where userdata0_.email=?
?[1;31m
Start test 6?[0m
?[1;31m
Start test 7?[0m
?[1;31m
Start test 8?[0m
Hibernate: select userdata0_.email as email1_2_, userdata0_.password as password2_2_ from user_data userdata0_ where userdata0_.email=?
Hibernate: select userdata0_.email as email1_2_, userdata0_.password as password2_2_ from user_data userdata0_ where userdata0_.email=?
2020-10-22 00:39:33.677  WARN 2532 --- [nio-8889-exec-9] o.a.c.util.SessionIdGeneratorBase        : Creation of SecureRandom instance for session ID generation using [SHA1PRNG] took [234] milliseconds.
Hibernate: select quiz0_.id as id1_0_, quiz0_.answers as answers2_0_, quiz0_.email as email3_0_, quiz0_.options as options4_0_, quiz0_.text as text5_0_, quiz0_.title as title6_0_ from quiz quiz0_ limit ?
?[1;31m
Start test 9?[0m
Hibernate: select userdata0_.email as email1_2_, userdata0_.password as password2_2_ from user_data userdata0_ where userdata0_.email=?
Hibernate: select userdata0_.email as email1_2_, userdata0_.password as password2_2_ from user_data userdata0_ where userdata0_.email=?
Hibernate: select quiz0_.id as id1_0_, quiz0_.answers as answers2_0_, quiz0_.email as email3_0_, quiz0_.options as options4_0_, quiz0_.text as text5_0_, quiz0_.title as title6_0_ from quiz quiz0_ limit ?
?[1;31m
Start test 10?[0m
Hibernate: select userdata0_.email as email1_2_, userdata0_.password as password2_2_ from user_data userdata0_ where userdata0_.email=?
Hibernate: select userdata0_.email as email1_2_, userdata0_.password as password2_2_ from user_data userdata0_ where userdata0_.email=?
Hibernate: call next value for hibernate_sequence
Hibernate: insert into quiz (answers, email, options, text, title, id) values (?, ?, ?, ?, ?, ?)
?[1;31m
Start test 11?[0m
Hibernate: select userdata0_.email as email1_2_, userdata0_.password as password2_2_ from user_data userdata0_ where userdata0_.email=?
Hibernate: select userdata0_.email as email1_2_, userdata0_.password as password2_2_ from user_data userdata0_ where userdata0_.email=?
Hibernate: select quiz0_.id as id1_0_0_, quiz0_.answers as answers2_0_0_, quiz0_.email as email3_0_0_, quiz0_.options as options4_0_0_, quiz0_.text as text5_0_0_, quiz0_.title as title6_0_0_ from quiz quiz0_ where quiz0_.id=?
?[1;31m
Start test 12?[0m
Hibernate: select userdata0_.email as email1_2_, userdata0_.password as password2_2_ from user_data userdata0_ where userdata0_.email=?
Hibernate: select userdata0_.email as email1_2_, userdata0_.password as password2_2_ from user_data userdata0_ where userdata0_.email=?
Hibernate: select quiz0_.id as id1_0_0_, quiz0_.answers as answers2_0_0_, quiz0_.email as email3_0_0_, quiz0_.options as options4_0_0_, quiz0_.text as text5_0_0_, quiz0_.title as title6_0_0_ from quiz quiz0_ where quiz0_.id=?
?[1;31m
Start test 13?[0m
Hibernate: select userdata0_.email as email1_2_, userdata0_.password as password2_2_ from user_data userdata0_ where userdata0_.email=?
Hibernate: select userdata0_.email as email1_2_, userdata0_.password as password2_2_ from user_data userdata0_ where userdata0_.email=?
Hibernate: select quiz0_.id as id1_0_, quiz0_.answers as answers2_0_, quiz0_.email as email3_0_, quiz0_.options as options4_0_, quiz0_.text as text5_0_, quiz0_.title as title6_0_ from quiz quiz0_ limit ?
?[1;31m
Start test 14?[0m
Hibernate: select userdata0_.email as email1_2_, userdata0_.password as password2_2_ from user_data userdata0_ where userdata0_.email=?
Hibernate: select userdata0_.email as email1_2_, userdata0_.password as password2_2_ from user_data userdata0_ where userdata0_.email=?
Hibernate: call next value for hibernate_sequence
Hibernate: insert into quiz (answers, email, options, text, title, id) values (?, ?, ?, ?, ?, ?)
?[1;31m
Start test 15?[0m
Hibernate: select userdata0_.email as email1_2_, userdata0_.password as password2_2_ from user_data userdata0_ where userdata0_.email=?
Hibernate: select userdata0_.email as email1_2_, userdata0_.password as password2_2_ from user_data userdata0_ where userdata0_.email=?
Hibernate: select quiz0_.id as id1_0_0_, quiz0_.answers as answers2_0_0_, quiz0_.email as email3_0_0_, quiz0_.options as options4_0_0_, quiz0_.text as text5_0_0_, quiz0_.title as title6_0_0_ from quiz quiz0_ where quiz0_.id=?
?[1;31m
Start test 16?[0m
Hibernate: select userdata0_.email as email1_2_, userdata0_.password as password2_2_ from user_data userdata0_ where userdata0_.email=?
Hibernate: select userdata0_.email as email1_2_, userdata0_.password as password2_2_ from user_data userdata0_ where userdata0_.email=?
Hibernate: select quiz0_.id as id1_0_0_, quiz0_.answers as answers2_0_0_, quiz0_.email as email3_0_0_, quiz0_.options as options4_0_0_, quiz0_.text as text5_0_0_, quiz0_.title as title6_0_0_ from quiz quiz0_ where quiz0_.id=?
?[1;31m
Start test 17?[0m
Hibernate: select userdata0_.email as email1_2_, userdata0_.password as password2_2_ from user_data userdata0_ where userdata0_.email=?
Hibernate: select userdata0_.email as email1_2_, userdata0_.password as password2_2_ from user_data userdata0_ where userdata0_.email=?
Hibernate: select quiz0_.id as id1_0_, quiz0_.answers as answers2_0_, quiz0_.email as email3_0_, quiz0_.options as options4_0_, quiz0_.text as text5_0_, quiz0_.title as title6_0_ from quiz quiz0_ limit ?
?[1;31m
Start test 18?[0m
?[1;31m
Start test 19?[0m
?[1;31m
Start test 20?[0m
?[1;31m
Start test 21?[0m
?[1;31m
Start test 22?[0m
?[1;31m
Start test 23?[0m
?[1;31m
Start test 24?[0m
?[1;31m
Start test 25?[0m
?[1;31m
Start test 26?[0m
Hibernate: select userdata0_.email as email1_2_, userdata0_.password as password2_2_ from user_data userdata0_ where userdata0_.email=?
?[1;31m
Start test 27?[0m
Hibernate: select userdata0_.email as email1_2_, userdata0_.password as password2_2_ from user_data userdata0_ where userdata0_.email=?
?[1;31m
Start test 28?[0m
Hibernate: select userdata0_.email as email1_2_, userdata0_.password as password2_2_ from user_data userdata0_ where userdata0_.email=?
?[1;31m
Start test 29?[0m
Hibernate: select userdata0_.email as email1_2_, userdata0_.password as password2_2_ from user_data userdata0_ where userdata0_.email=?
?[1;31m
Start test 30?[0m
Hibernate: select userdata0_.email as email1_2_, userdata0_.password as password2_2_ from user_data userdata0_ where userdata0_.email=?
?[1;31m
Start test 31?[0m
Hibernate: select userdata0_.email as email1_2_, userdata0_.password as password2_2_ from user_data userdata0_ where userdata0_.email=?
?[1;31m
Start test 32?[0m
Hibernate: select userdata0_.email as email1_2_, userdata0_.password as password2_2_ from user_data userdata0_ where userdata0_.email=?
?[1;31m
Start test 33?[0m
Hibernate: select userdata0_.email as email1_2_, userdata0_.password as password2_2_ from user_data userdata0_ where userdata0_.email=?
?[1;31m
Start test 34?[0m
Hibernate: select userdata0_.email as email1_2_, userdata0_.password as password2_2_ from user_data userdata0_ where userdata0_.email=?
Hibernate: select userdata0_.email as email1_2_, userdata0_.password as password2_2_ from user_data userdata0_ where userdata0_.email=?
Hibernate: select quiz0_.id as id1_0_0_, quiz0_.answers as answers2_0_0_, quiz0_.email as email3_0_0_, quiz0_.options as options4_0_0_, quiz0_.text as text5_0_0_, quiz0_.title as title6_0_0_ from quiz quiz0_ where quiz0_.id=?
?[1;31m
Start test 35?[0m
Hibernate: select userdata0_.email as email1_2_, userdata0_.password as password2_2_ from user_data userdata0_ where userdata0_.email=?
Hibernate: select userdata0_.email as email1_2_, userdata0_.password as password2_2_ from user_data userdata0_ where userdata0_.email=?
Hibernate: select quiz0_.id as id1_0_0_, quiz0_.answers as answers2_0_0_, quiz0_.email as email3_0_0_, quiz0_.options as options4_0_0_, quiz0_.text as text5_0_0_, quiz0_.title as title6_0_0_ from quiz quiz0_ where quiz0_.id=?
?[1;31m
Start test 36?[0m
Hibernate: select userdata0_.email as email1_2_, userdata0_.password as password2_2_ from user_data userdata0_ where userdata0_.email=?
Hibernate: select userdata0_.email as email1_2_, userdata0_.password as password2_2_ from user_data userdata0_ where userdata0_.email=?
Hibernate: select quiz0_.id as id1_0_0_, quiz0_.answers as answers2_0_0_, quiz0_.email as email3_0_0_, quiz0_.options as options4_0_0_, quiz0_.text as text5_0_0_, quiz0_.title as title6_0_0_ from quiz quiz0_ where quiz0_.id=?
Hibernate: call next value for hibernate_sequence
Hibernate: insert into quiz_completion_data (completed_at, email, id, stamp_id) values (?, ?, ?, ?)
?[1;31m
Start test 37?[0m
Hibernate: select userdata0_.email as email1_2_, userdata0_.password as password2_2_ from user_data userdata0_ where userdata0_.email=?
Hibernate: select userdata0_.email as email1_2_, userdata0_.password as password2_2_ from user_data userdata0_ where userdata0_.email=?
Hibernate: select quiz0_.id as id1_0_0_, quiz0_.answers as answers2_0_0_, quiz0_.email as email3_0_0_, quiz0_.options as options4_0_0_, quiz0_.text as text5_0_0_, quiz0_.title as title6_0_0_ from quiz quiz0_ where quiz0_.id=?
?[1;31m
Start test 38?[0m
Hibernate: select userdata0_.email as email1_2_, userdata0_.password as password2_2_ from user_data userdata0_ where userdata0_.email=?
Hibernate: select userdata0_.email as email1_2_, userdata0_.password as password2_2_ from user_data userdata0_ where userdata0_.email=?
Hibernate: select quiz0_.id as id1_0_0_, quiz0_.answers as answers2_0_0_, quiz0_.email as email3_0_0_, quiz0_.options as options4_0_0_, quiz0_.text as text5_0_0_, quiz0_.title as title6_0_0_ from quiz quiz0_ where quiz0_.id=?
?[1;31m
Start test 39?[0m
Hibernate: select userdata0_.email as email1_2_, userdata0_.password as password2_2_ from user_data userdata0_ where userdata0_.email=?
Hibernate: select userdata0_.email as email1_2_, userdata0_.password as password2_2_ from user_data userdata0_ where userdata0_.email=?
Hibernate: select quiz0_.id as id1_0_0_, quiz0_.answers as answers2_0_0_, quiz0_.email as email3_0_0_, quiz0_.options as options4_0_0_, quiz0_.text as text5_0_0_, quiz0_.title as title6_0_0_ from quiz quiz0_ where quiz0_.id=?
Hibernate: call next value for hibernate_sequence
Hibernate: insert into quiz_completion_data (completed_at, email, id, stamp_id) values (?, ?, ?, ?)
?[1;31m
Start test 40?[0m
Hibernate: select userdata0_.email as email1_2_, userdata0_.password as password2_2_ from user_data userdata0_ where userdata0_.email=?
Hibernate: select userdata0_.email as email1_2_, userdata0_.password as password2_2_ from user_data userdata0_ where userdata0_.email=?
Hibernate: select quiz0_.id as id1_0_0_, quiz0_.answers as answers2_0_0_, quiz0_.email as email3_0_0_, quiz0_.options as options4_0_0_, quiz0_.text as text5_0_0_, quiz0_.title as title6_0_0_ from quiz quiz0_ where quiz0_.id=?
?[1;31m
Start test 41?[0m
Hibernate: select userdata0_.email as email1_2_, userdata0_.password as password2_2_ from user_data userdata0_ where userdata0_.email=?
Hibernate: select userdata0_.email as email1_2_, userdata0_.password as password2_2_ from user_data userdata0_ where userdata0_.email=?
Hibernate: select quiz0_.id as id1_0_0_, quiz0_.answers as answers2_0_0_, quiz0_.email as email3_0_0_, quiz0_.options as options4_0_0_, quiz0_.text as text5_0_0_, quiz0_.title as title6_0_0_ from quiz quiz0_ where quiz0_.id=?
?[1;31m
Start test 42?[0m
Hibernate: select userdata0_.email as email1_2_, userdata0_.password as password2_2_ from user_data userdata0_ where userdata0_.email=?
Hibernate: select userdata0_.email as email1_2_, userdata0_.password as password2_2_ from user_data userdata0_ where userdata0_.email=?
Hibernate: SELECT * FROM QUIZ_COMPLETION_DATA u WHERE u.EMAIL = ? ORDER BY completed_At DESC limit ?
?[1;31m
Start test 43?[0m
Hibernate: select userdata0_.email as email1_2_, userdata0_.password as password2_2_ from user_data userdata0_ where userdata0_.email=?
Hibernate: select userdata0_.email as email1_2_, userdata0_.password as password2_2_ from user_data userdata0_ where userdata0_.email=?
Hibernate: SELECT * FROM QUIZ_COMPLETION_DATA u WHERE u.EMAIL = ? ORDER BY completed_At DESC limit ?
?[1;31m
Start test 44?[0m
Hibernate: select userdata0_.email as email1_2_, userdata0_.password as password2_2_ from user_data userdata0_ where userdata0_.email=?
Hibernate: select userdata0_.email as email1_2_, userdata0_.password as password2_2_ from user_data userdata0_ where userdata0_.email=?
Hibernate: select quiz0_.id as id1_0_, quiz0_.answers as answers2_0_, quiz0_.email as email3_0_, quiz0_.options as options4_0_, quiz0_.text as text5_0_, quiz0_.title as title6_0_ from quiz quiz0_ limit ?
?[1;31m
Start test 45?[0m
Hibernate: select userdata0_.email as email1_2_, userdata0_.password as password2_2_ from user_data userdata0_ where userdata0_.email=?
Hibernate: select userdata0_.email as email1_2_, userdata0_.password as password2_2_ from user_data userdata0_ where userdata0_.email=?
Hibernate: select quiz0_.id as id1_0_, quiz0_.answers as answers2_0_, quiz0_.email as email3_0_, quiz0_.options as options4_0_, quiz0_.text as text5_0_, quiz0_.title as title6_0_ from quiz quiz0_ limit ?
?[1;31m
Start test 46?[0m
2020-10-22 00:39:39.840  INFO 2532 --- [       Thread-6] j.LocalContainerEntityManagerFactoryBean : Closing JPA EntityManagerFactory for persistence unit 'default'
2020-10-22 00:39:39.840  INFO 2532 --- [       Thread-6] o.s.s.concurrent.ThreadPoolTaskExecutor  : Shutting down ExecutorService 'applicationTaskExecutor'
2020-10-22 00:39:39.840  INFO 2532 --- [       Thread-6] com.zaxxer.hikari.HikariDataSource       : HikariPool-1 - Shutdown initiated...
2020-10-22 00:39:39.893  INFO 2532 --- [       Thread-6] com.zaxxer.hikari.HikariDataSource       : HikariPool-1 - Shutdown completed.

  .   ____          _            __ _ _
 /\\ / ___'_ __ _ _(_)_ __  __ _ \ \ \ \
( ( )\___ | '_ | '_| | '_ \/ _` | \ \ \ \
 \\/  ___)| |_)| | | | | || (_| |  ) ) ) )
  '  |____| .__|_| |_|_| |_\__, | / / / /
 =========|_|==============|___/=/_/_/_/
 :: Spring Boot ::        (v2.3.4.RELEASE)

2020-10-22 00:39:39.980  INFO 2532 --- [    Test worker] engine.WebQuizEngine                     : Starting WebQuizEngine on USER-S with PID 2532 (started by User in C:\Users\User\Downloads\Web Quiz Engine\Web Quiz Engine\task)
2020-10-22 00:39:39.980  INFO 2532 --- [    Test worker] engine.WebQuizEngine                     : No active profile set, falling back to default profiles: default
2020-10-22 00:39:40.725  INFO 2532 --- [    Test worker] .s.d.r.c.RepositoryConfigurationDelegate : Bootstrapping Spring Data JPA repositories in DEFERRED mode.
2020-10-22 00:39:40.756  INFO 2532 --- [    Test worker] .s.d.r.c.RepositoryConfigurationDelegate : Finished Spring Data repository scanning in 38ms. Found 3 JPA repository interfaces.
2020-10-22 00:39:40.976  INFO 2532 --- [    Test worker] o.s.b.w.embedded.tomcat.TomcatWebServer  : Tomcat initialized with port(s): 8889 (http)
2020-10-22 00:39:40.976  INFO 2532 --- [    Test worker] o.apache.catalina.core.StandardService   : Starting service [Tomcat]
2020-10-22 00:39:40.976  INFO 2532 --- [    Test worker] org.apache.catalina.core.StandardEngine  : Starting Servlet engine: [Apache Tomcat/9.0.38]
2020-10-22 00:39:41.039  INFO 2532 --- [    Test worker] o.a.c.c.C.[Tomcat].[localhost].[/]       : Initializing Spring embedded WebApplicationContext
2020-10-22 00:39:41.039  INFO 2532 --- [    Test worker] w.s.c.ServletWebServerApplicationContext : Root WebApplicationContext: initialization completed in 1059 ms
2020-10-22 00:39:41.133  INFO 2532 --- [    Test worker] com.zaxxer.hikari.HikariDataSource       : HikariPool-2 - Starting...
2020-10-22 00:39:41.164  INFO 2532 --- [    Test worker] com.zaxxer.hikari.HikariDataSource       : HikariPool-2 - Start completed.
2020-10-22 00:39:41.164  INFO 2532 --- [    Test worker] o.s.b.a.h2.H2ConsoleAutoConfiguration    : H2 console available at '/h2-console'. Database available at 'jdbc:h2:file:../quizdb'
2020-10-22 00:39:41.289  INFO 2532 --- [    Test worker] o.s.s.concurrent.ThreadPoolTaskExecutor  : Initializing ExecutorService 'applicationTaskExecutor'
2020-10-22 00:39:41.321  INFO 2532 --- [         task-1] o.hibernate.jpa.internal.util.LogHelper  : HHH000204: Processing PersistenceUnitInfo [name: default]
2020-10-22 00:39:41.336  INFO 2532 --- [         task-1] org.hibernate.dialect.Dialect            : HHH000400: Using dialect: org.hibernate.dialect.H2Dialect
2020-10-22 00:39:41.399  WARN 2532 --- [    Test worker] JpaBaseConfiguration$JpaWebConfiguration : spring.jpa.open-in-view is enabled by default. Therefore, database queries may be performed during view rendering. Explicitly configure spring.jpa.open-in-view to disable this warning
2020-10-22 00:39:41.561  INFO 2532 --- [    Test worker] o.s.s.web.DefaultSecurityFilterChain     : Creating filter chain: any request, [org.springframework.security.web.context.request.async.WebAsyncManagerIntegrationFilter@5bb1f021, org.springframework.security.web.context.SecurityContextPersistenceFilter@2691d64, org.springframework.security.web.header.HeaderWriterFilter@58abca8f, org.springframework.security.web.authentication.logout.LogoutFilter@304037d, org.springframework.security.web.authentication.www.BasicAuthenticationFilter@720c787e, org.springframework.security.web.savedrequest.RequestCacheAwareFilter@212a0a61, org.springframework.security.web.servletapi.SecurityContextHolderAwareRequestFilter@27534379, org.springframework.security.web.authentication.AnonymousAuthenticationFilter@3d4731c2, org.springframework.security.web.session.SessionManagementFilter@25296b1d, org.springframework.security.web.access.ExceptionTranslationFilter@4f1d9faf, org.springframework.security.web.access.intercept.FilterSecurityInterceptor@17b92cb9]
2020-10-22 00:39:41.671  INFO 2532 --- [         task-1] o.h.e.t.j.p.i.JtaPlatformInitiator       : HHH000490: Using JtaPlatform implementation: [org.hibernate.engine.transaction.jta.platform.internal.NoJtaPlatform]
2020-10-22 00:39:41.733  INFO 2532 --- [         task-1] j.LocalContainerEntityManagerFactoryBean : Initialized JPA EntityManagerFactory for persistence unit 'default'
2020-10-22 00:39:42.150  INFO 2532 --- [    Test worker] o.s.b.a.e.web.EndpointLinksResolver      : Exposing 14 endpoint(s) beneath base path '/actuator'
2020-10-22 00:39:42.190  INFO 2532 --- [    Test worker] o.s.b.w.embedded.tomcat.TomcatWebServer  : Tomcat started on port(s): 8889 (http) with context path ''
2020-10-22 00:39:42.190  INFO 2532 --- [    Test worker] DeferredRepositoryInitializationListener : Triggering deferred initialization of Spring Data repositories…
2020-10-22 00:39:42.366  INFO 2532 --- [    Test worker] DeferredRepositoryInitializationListener : Spring Data repositories initialized!
2020-10-22 00:39:42.382  INFO 2532 --- [    Test worker] engine.WebQuizEngine                     : Started WebQuizEngine in 2.474 seconds (JVM running for 30.236)
?[1;31m
Start test 47?[0m
2020-10-22 00:39:42.398  INFO 2532 --- [nio-8889-exec-1] o.a.c.c.C.[Tomcat].[localhost].[/]       : Initializing Spring DispatcherServlet 'dispatcherServlet'
2020-10-22 00:39:42.398  INFO 2532 --- [nio-8889-exec-1] o.s.web.servlet.DispatcherServlet        : Initializing Servlet 'dispatcherServlet'
2020-10-22 00:39:42.406  INFO 2532 --- [nio-8889-exec-1] o.s.web.servlet.DispatcherServlet        : Completed initialization in 8 ms
Hibernate: select userdata0_.email as email1_2_, userdata0_.password as password2_2_ from user_data userdata0_ where userdata0_.email=?
Hibernate: select userdata0_.email as email1_2_, userdata0_.password as password2_2_ from user_data userdata0_ where userdata0_.email=?
Hibernate: select quiz0_.id as id1_0_, quiz0_.answers as answers2_0_, quiz0_.email as email3_0_, quiz0_.options as options4_0_, quiz0_.text as text5_0_, quiz0_.title as title6_0_ from quiz quiz0_ limit ?
?[1;31m
Start test 48?[0m
Hibernate: select userdata0_.email as email1_2_, userdata0_.password as password2_2_ from user_data userdata0_ where userdata0_.email=?
Hibernate: select userdata0_.email as email1_2_, userdata0_.password as password2_2_ from user_data userdata0_ where userdata0_.email=?
Hibernate: select quiz0_.id as id1_0_, quiz0_.answers as answers2_0_, quiz0_.email as email3_0_, quiz0_.options as options4_0_, quiz0_.text as text5_0_, quiz0_.title as title6_0_ from quiz quiz0_ limit ?
?[1;31m
Start test 49?[0m
Hibernate: select userdata0_.email as email1_2_, userdata0_.password as password2_2_ from user_data userdata0_ where userdata0_.email=?
Hibernate: select userdata0_.email as email1_2_, userdata0_.password as password2_2_ from user_data userdata0_ where userdata0_.email=?
Hibernate: select quiz0_.id as id1_0_0_, quiz0_.answers as answers2_0_0_, quiz0_.email as email3_0_0_, quiz0_.options as options4_0_0_, quiz0_.text as text5_0_0_, quiz0_.title as title6_0_0_ from quiz quiz0_ where quiz0_.id=?
Hibernate: call next value for hibernate_sequence
Hibernate: insert into quiz_completion_data (completed_at, email, id, stamp_id) values (?, ?, ?, ?)
?[1;31m
Start test 50?[0m
Hibernate: select userdata0_.email as email1_2_, userdata0_.password as password2_2_ from user_data userdata0_ where userdata0_.email=?
Hibernate: select userdata0_.email as email1_2_, userdata0_.password as password2_2_ from user_data userdata0_ where userdata0_.email=?
Hibernate: select quiz0_.id as id1_0_0_, quiz0_.answers as answers2_0_0_, quiz0_.email as email3_0_0_, quiz0_.options as options4_0_0_, quiz0_.text as text5_0_0_, quiz0_.title as title6_0_0_ from quiz quiz0_ where quiz0_.id=?
?[1;31m
Start test 51?[0m
Hibernate: select userdata0_.email as email1_2_, userdata0_.password as password2_2_ from user_data userdata0_ where userdata0_.email=?
Hibernate: select userdata0_.email as email1_2_, userdata0_.password as password2_2_ from user_data userdata0_ where userdata0_.email=?
Hibernate: select quiz0_.id as id1_0_0_, quiz0_.answers as answers2_0_0_, quiz0_.email as email3_0_0_, quiz0_.options as options4_0_0_, quiz0_.text as text5_0_0_, quiz0_.title as title6_0_0_ from quiz quiz0_ where quiz0_.id=?
?[1;31m
Start test 52?[0m
Hibernate: select userdata0_.email as email1_2_, userdata0_.password as password2_2_ from user_data userdata0_ where userdata0_.email=?
Hibernate: select userdata0_.email as email1_2_, userdata0_.password as password2_2_ from user_data userdata0_ where userdata0_.email=?
Hibernate: select quiz0_.id as id1_0_0_, quiz0_.answers as answers2_0_0_, quiz0_.email as email3_0_0_, quiz0_.options as options4_0_0_, quiz0_.text as text5_0_0_, quiz0_.title as title6_0_0_ from quiz quiz0_ where quiz0_.id=?
Hibernate: call next value for hibernate_sequence
Hibernate: insert into quiz_completion_data (completed_at, email, id, stamp_id) values (?, ?, ?, ?)
?[1;31m
Start test 53?[0m
Hibernate: select userdata0_.email as email1_2_, userdata0_.password as password2_2_ from user_data userdata0_ where userdata0_.email=?
Hibernate: select userdata0_.email as email1_2_, userdata0_.password as password2_2_ from user_data userdata0_ where userdata0_.email=?
Hibernate: SELECT * FROM QUIZ_COMPLETION_DATA u WHERE u.EMAIL = ? ORDER BY completed_At DESC limit ?
?[1;31m
Start test 54?[0m
Hibernate: select userdata0_.email as email1_2_, userdata0_.password as password2_2_ from user_data userdata0_ where userdata0_.email=?
Hibernate: select userdata0_.email as email1_2_, userdata0_.password as password2_2_ from user_data userdata0_ where userdata0_.email=?
Hibernate: SELECT * FROM QUIZ_COMPLETION_DATA u WHERE u.EMAIL = ? ORDER BY completed_At DESC limit ?
?[1;31m
Start test 55?[0m
Hibernate: select userdata0_.email as email1_2_, userdata0_.password as password2_2_ from user_data userdata0_ where userdata0_.email=?
Hibernate: select userdata0_.email as email1_2_, userdata0_.password as password2_2_ from user_data userdata0_ where userdata0_.email=?
Hibernate: SELECT * FROM QUIZ_COMPLETION_DATA u WHERE u.EMAIL = ? ORDER BY completed_At DESC limit ?
?[1;31m
Start test 56?[0m
Hibernate: select userdata0_.email as email1_2_, userdata0_.password as password2_2_ from user_data userdata0_ where userdata0_.email=?
Hibernate: select userdata0_.email as email1_2_, userdata0_.password as password2_2_ from user_data userdata0_ where userdata0_.email=?
Hibernate: SELECT * FROM QUIZ_COMPLETION_DATA u WHERE u.EMAIL = ? ORDER BY completed_At DESC limit ?
?[1;31m
Start test 57?[0m
Hibernate: select userdata0_.email as email1_2_, userdata0_.password as password2_2_ from user_data userdata0_ where userdata0_.email=?
Hibernate: select userdata0_.email as email1_2_, userdata0_.password as password2_2_ from user_data userdata0_ where userdata0_.email=?
2020-10-22 00:39:44.466  WARN 2532 --- [nio-8889-exec-1] .w.s.m.s.DefaultHandlerExceptionResolver : Resolved [org.springframework.http.converter.HttpMessageNotReadableException: JSON parse error: Unexpected character ('"' (code 34)): was expecting comma to separate Object entries; nested exception is com.fasterxml.jackson.core.JsonParseException: Unexpected character ('"' (code 34)): was expecting comma to separate Object entries
 at [Source: (PushbackInputStream); line: 4, column: 4]]
?[1;31m
Start test 58?[0m
Hibernate: select userdata0_.email as email1_2_, userdata0_.password as password2_2_ from user_data userdata0_ where userdata0_.email=?
Hibernate: select userdata0_.email as email1_2_, userdata0_.password as password2_2_ from user_data userdata0_ where userdata0_.email=?
2020-10-22 00:39:44.626  WARN 2532 --- [nio-8889-exec-1] .w.s.m.s.DefaultHandlerExceptionResolver : Resolved [org.springframework.http.converter.HttpMessageNotReadableException: JSON parse error: Unexpected character ('"' (code 34)): was expecting comma to separate Object entries; nested exception is com.fasterxml.jackson.core.JsonParseException: Unexpected character ('"' (code 34)): was expecting comma to separate Object entries
 at [Source: (PushbackInputStream); line: 5, column: 4]]
?[1;31m
Start test 59?[0m
Hibernate: select userdata0_.email as email1_2_, userdata0_.password as password2_2_ from user_data userdata0_ where userdata0_.email=?
Hibernate: select userdata0_.email as email1_2_, userdata0_.password as password2_2_ from user_data userdata0_ where userdata0_.email=?
2020-10-22 00:39:44.778  WARN 2532 --- [nio-8889-exec-3] .w.s.m.s.DefaultHandlerExceptionResolver : Resolved [org.springframework.http.converter.HttpMessageNotReadableException: JSON parse error: Unexpected character ('"' (code 34)): was expecting comma to separate Object entries; nested exception is com.fasterxml.jackson.core.JsonParseException: Unexpected character ('"' (code 34)): was expecting comma to separate Object entries
 at [Source: (PushbackInputStream); line: 4, column: 4]]
?[1;31m
Start test 60?[0m
Hibernate: select userdata0_.email as email1_2_, userdata0_.password as password2_2_ from user_data userdata0_ where userdata0_.email=?
Hibernate: select userdata0_.email as email1_2_, userdata0_.password as password2_2_ from user_data userdata0_ where userdata0_.email=?
2020-10-22 00:39:44.923  WARN 2532 --- [nio-8889-exec-4] .w.s.m.s.DefaultHandlerExceptionResolver : Resolved [org.springframework.http.converter.HttpMessageNotReadableException: JSON parse error: Unexpected character ('"' (code 34)): was expecting comma to separate Object entries; nested exception is com.fasterxml.jackson.core.JsonParseException: Unexpected character ('"' (code 34)): was expecting comma to separate Object entries
 at [Source: (PushbackInputStream); line: 5, column: 4]]
?[1;31m
Start test 61?[0m
Hibernate: select userdata0_.email as email1_2_, userdata0_.password as password2_2_ from user_data userdata0_ where userdata0_.email=?
Hibernate: select userdata0_.email as email1_2_, userdata0_.password as password2_2_ from user_data userdata0_ where userdata0_.email=?
?[1;31m
Start test 62?[0m
Hibernate: select userdata0_.email as email1_2_, userdata0_.password as password2_2_ from user_data userdata0_ where userdata0_.email=?
Hibernate: select userdata0_.email as email1_2_, userdata0_.password as password2_2_ from user_data userdata0_ where userdata0_.email=?
2020-10-22 00:39:45.210  WARN 2532 --- [nio-8889-exec-6] .w.s.m.s.DefaultHandlerExceptionResolver : Resolved [org.springframework.http.converter.HttpMessageNotReadableException: JSON parse error: Unexpected character ('"' (code 34)): was expecting comma to separate Object entries; nested exception is com.fasterxml.jackson.core.JsonParseException: Unexpected character ('"' (code 34)): was expecting comma to separate Object entries
 at [Source: (PushbackInputStream); line: 5, column: 4]]
?[1;31m
Start test 63?[0m
Hibernate: select userdata0_.email as email1_2_, userdata0_.password as password2_2_ from user_data userdata0_ where userdata0_.email=?
Hibernate: select userdata0_.email as email1_2_, userdata0_.password as password2_2_ from user_data userdata0_ where userdata0_.email=?
2020-10-22 00:39:45.355  WARN 2532 --- [nio-8889-exec-7] .w.s.m.s.DefaultHandlerExceptionResolver : Resolved [org.springframework.http.converter.HttpMessageNotReadableException: JSON parse error: Unexpected character ('"' (code 34)): was expecting comma to separate Object entries; nested exception is com.fasterxml.jackson.core.JsonParseException: Unexpected character ('"' (code 34)): was expecting comma to separate Object entries
 at [Source: (PushbackInputStream); line: 5, column: 4]]
?[1;31m
Start test 64?[0m
Hibernate: select userdata0_.email as email1_2_, userdata0_.password as password2_2_ from user_data userdata0_ where userdata0_.email=?
Hibernate: select userdata0_.email as email1_2_, userdata0_.password as password2_2_ from user_data userdata0_ where userdata0_.email=?
Hibernate: call next value for hibernate_sequence
Hibernate: insert into quiz (answers, email, options, text, title, id) values (?, ?, ?, ?, ?, ?)
?[1;31m
Start test 65?[0m
Hibernate: select userdata0_.email as email1_2_, userdata0_.password as password2_2_ from user_data userdata0_ where userdata0_.email=?
Hibernate: select userdata0_.email as email1_2_, userdata0_.password as password2_2_ from user_data userdata0_ where userdata0_.email=?
Hibernate: select quiz0_.id as id1_0_0_, quiz0_.answers as answers2_0_0_, quiz0_.email as email3_0_0_, quiz0_.options as options4_0_0_, quiz0_.text as text5_0_0_, quiz0_.title as title6_0_0_ from quiz quiz0_ where quiz0_.id=?
?[1;31m
Start test 66?[0m
Hibernate: select userdata0_.email as email1_2_, userdata0_.password as password2_2_ from user_data userdata0_ where userdata0_.email=?
Hibernate: select userdata0_.email as email1_2_, userdata0_.password as password2_2_ from user_data userdata0_ where userdata0_.email=?
Hibernate: select quiz0_.id as id1_0_0_, quiz0_.answers as answers2_0_0_, quiz0_.email as email3_0_0_, quiz0_.options as options4_0_0_, quiz0_.text as text5_0_0_, quiz0_.title as title6_0_0_ from quiz quiz0_ where quiz0_.id=?
?[1;31m
Start test 67?[0m
Hibernate: select userdata0_.email as email1_2_, userdata0_.password as password2_2_ from user_data userdata0_ where userdata0_.email=?
Hibernate: select userdata0_.email as email1_2_, userdata0_.password as password2_2_ from user_data userdata0_ where userdata0_.email=?
Hibernate: select quiz0_.id as id1_0_0_, quiz0_.answers as answers2_0_0_, quiz0_.email as email3_0_0_, quiz0_.options as options4_0_0_, quiz0_.text as text5_0_0_, quiz0_.title as title6_0_0_ from quiz quiz0_ where quiz0_.id=?
?[1;31m
Start test 68?[0m
Hibernate: select userdata0_.email as email1_2_, userdata0_.password as password2_2_ from user_data userdata0_ where userdata0_.email=?
Hibernate: select userdata0_.email as email1_2_, userdata0_.password as password2_2_ from user_data userdata0_ where userdata0_.email=?
Hibernate: select quiz0_.id as id1_0_0_, quiz0_.answers as answers2_0_0_, quiz0_.email as email3_0_0_, quiz0_.options as options4_0_0_, quiz0_.text as text5_0_0_, quiz0_.title as title6_0_0_ from quiz quiz0_ where quiz0_.id=?
?[1;31m
Start test 69?[0m
Hibernate: select userdata0_.email as email1_2_, userdata0_.password as password2_2_ from user_data userdata0_ where userdata0_.email=?
Hibernate: select userdata0_.email as email1_2_, userdata0_.password as password2_2_ from user_data userdata0_ where userdata0_.email=?
Hibernate: select quiz0_.id as id1_0_0_, quiz0_.answers as answers2_0_0_, quiz0_.email as email3_0_0_, quiz0_.options as options4_0_0_, quiz0_.text as text5_0_0_, quiz0_.title as title6_0_0_ from quiz quiz0_ where quiz0_.id=?
?[1;31m
Start test 70?[0m
Hibernate: select userdata0_.email as email1_2_, userdata0_.password as password2_2_ from user_data userdata0_ where userdata0_.email=?
Hibernate: select userdata0_.email as email1_2_, userdata0_.password as password2_2_ from user_data userdata0_ where userdata0_.email=?
Hibernate: select quiz0_.id as id1_0_0_, quiz0_.answers as answers2_0_0_, quiz0_.email as email3_0_0_, quiz0_.options as options4_0_0_, quiz0_.text as text5_0_0_, quiz0_.title as title6_0_0_ from quiz quiz0_ where quiz0_.id=?
?[1;31m
Start test 71?[0m
Hibernate: select userdata0_.email as email1_2_, userdata0_.password as password2_2_ from user_data userdata0_ where userdata0_.email=?
Hibernate: select userdata0_.email as email1_2_, userdata0_.password as password2_2_ from user_data userdata0_ where userdata0_.email=?
Hibernate: select quiz0_.id as id1_0_0_, quiz0_.answers as answers2_0_0_, quiz0_.email as email3_0_0_, quiz0_.options as options4_0_0_, quiz0_.text as text5_0_0_, quiz0_.title as title6_0_0_ from quiz quiz0_ where quiz0_.id=?
?[1;31m
Start test 72?[0m
Hibernate: select userdata0_.email as email1_2_, userdata0_.password as password2_2_ from user_data userdata0_ where userdata0_.email=?
Hibernate: select userdata0_.email as email1_2_, userdata0_.password as password2_2_ from user_data userdata0_ where userdata0_.email=?
Hibernate: select quiz0_.id as id1_0_0_, quiz0_.answers as answers2_0_0_, quiz0_.email as email3_0_0_, quiz0_.options as options4_0_0_, quiz0_.text as text5_0_0_, quiz0_.title as title6_0_0_ from quiz quiz0_ where quiz0_.id=?
Hibernate: call next value for hibernate_sequence
Hibernate: insert into quiz_completion_data (completed_at, email, id, stamp_id) values (?, ?, ?, ?)
?[1;31m
Start test 73?[0m
Hibernate: select userdata0_.email as email1_2_, userdata0_.password as password2_2_ from user_data userdata0_ where userdata0_.email=?
Hibernate: select userdata0_.email as email1_2_, userdata0_.password as password2_2_ from user_data userdata0_ where userdata0_.email=?
Hibernate: select quiz0_.id as id1_0_0_, quiz0_.answers as answers2_0_0_, quiz0_.email as email3_0_0_, quiz0_.options as options4_0_0_, quiz0_.text as text5_0_0_, quiz0_.title as title6_0_0_ from quiz quiz0_ where quiz0_.id=?
?[1;31m
Start test 74?[0m
Hibernate: select userdata0_.email as email1_2_, userdata0_.password as password2_2_ from user_data userdata0_ where userdata0_.email=?
Hibernate: select userdata0_.email as email1_2_, userdata0_.password as password2_2_ from user_data userdata0_ where userdata0_.email=?
Hibernate: select quiz0_.id as id1_0_0_, quiz0_.answers as answers2_0_0_, quiz0_.email as email3_0_0_, quiz0_.options as options4_0_0_, quiz0_.text as text5_0_0_, quiz0_.title as title6_0_0_ from quiz quiz0_ where quiz0_.id=?
?[1;31m
Start test 75?[0m
Hibernate: select userdata0_.email as email1_2_, userdata0_.password as password2_2_ from user_data userdata0_ where userdata0_.email=?
Hibernate: select userdata0_.email as email1_2_, userdata0_.password as password2_2_ from user_data userdata0_ where userdata0_.email=?
Hibernate: select quiz0_.id as id1_0_0_, quiz0_.answers as answers2_0_0_, quiz0_.email as email3_0_0_, quiz0_.options as options4_0_0_, quiz0_.text as text5_0_0_, quiz0_.title as title6_0_0_ from quiz quiz0_ where quiz0_.id=?
?[1;31m
Start test 76?[0m
Hibernate: select userdata0_.email as email1_2_, userdata0_.password as password2_2_ from user_data userdata0_ where userdata0_.email=?
Hibernate: select userdata0_.email as email1_2_, userdata0_.password as password2_2_ from user_data userdata0_ where userdata0_.email=?
Hibernate: select quiz0_.id as id1_0_0_, quiz0_.answers as answers2_0_0_, quiz0_.email as email3_0_0_, quiz0_.options as options4_0_0_, quiz0_.text as text5_0_0_, quiz0_.title as title6_0_0_ from quiz quiz0_ where quiz0_.id=?
?[1;31m
Start test 77?[0m
Hibernate: select userdata0_.email as email1_2_, userdata0_.password as password2_2_ from user_data userdata0_ where userdata0_.email=?
Hibernate: select userdata0_.email as email1_2_, userdata0_.password as password2_2_ from user_data userdata0_ where userdata0_.email=?
Hibernate: select quiz0_.id as id1_0_0_, quiz0_.answers as answers2_0_0_, quiz0_.email as email3_0_0_, quiz0_.options as options4_0_0_, quiz0_.text as text5_0_0_, quiz0_.title as title6_0_0_ from quiz quiz0_ where quiz0_.id=?
?[1;31m
Start test 78?[0m
Hibernate: select userdata0_.email as email1_2_, userdata0_.password as password2_2_ from user_data userdata0_ where userdata0_.email=?
Hibernate: select userdata0_.email as email1_2_, userdata0_.password as password2_2_ from user_data userdata0_ where userdata0_.email=?
Hibernate: select quiz0_.id as id1_0_0_, quiz0_.answers as answers2_0_0_, quiz0_.email as email3_0_0_, quiz0_.options as options4_0_0_, quiz0_.text as text5_0_0_, quiz0_.title as title6_0_0_ from quiz quiz0_ where quiz0_.id=?
?[1;31m
Start test 79?[0m
Hibernate: select userdata0_.email as email1_2_, userdata0_.password as password2_2_ from user_data userdata0_ where userdata0_.email=?
Hibernate: select userdata0_.email as email1_2_, userdata0_.password as password2_2_ from user_data userdata0_ where userdata0_.email=?
Hibernate: select quiz0_.id as id1_0_0_, quiz0_.answers as answers2_0_0_, quiz0_.email as email3_0_0_, quiz0_.options as options4_0_0_, quiz0_.text as text5_0_0_, quiz0_.title as title6_0_0_ from quiz quiz0_ where quiz0_.id=?
?[1;31m
Start test 80?[0m
Hibernate: select userdata0_.email as email1_2_, userdata0_.password as password2_2_ from user_data userdata0_ where userdata0_.email=?
Hibernate: select userdata0_.email as email1_2_, userdata0_.password as password2_2_ from user_data userdata0_ where userdata0_.email=?
Hibernate: select quiz0_.id as id1_0_0_, quiz0_.answers as answers2_0_0_, quiz0_.email as email3_0_0_, quiz0_.options as options4_0_0_, quiz0_.text as text5_0_0_, quiz0_.title as title6_0_0_ from quiz quiz0_ where quiz0_.id=?
?[1;31m
Start test 81?[0m
Hibernate: select userdata0_.email as email1_2_, userdata0_.password as password2_2_ from user_data userdata0_ where userdata0_.email=?
Hibernate: select userdata0_.email as email1_2_, userdata0_.password as password2_2_ from user_data userdata0_ where userdata0_.email=?
Hibernate: select quiz0_.id as id1_0_0_, quiz0_.answers as answers2_0_0_, quiz0_.email as email3_0_0_, quiz0_.options as options4_0_0_, quiz0_.text as text5_0_0_, quiz0_.title as title6_0_0_ from quiz quiz0_ where quiz0_.id=?
?[1;31m
Start test 82?[0m
Hibernate: select userdata0_.email as email1_2_, userdata0_.password as password2_2_ from user_data userdata0_ where userdata0_.email=?
Hibernate: select userdata0_.email as email1_2_, userdata0_.password as password2_2_ from user_data userdata0_ where userdata0_.email=?
Hibernate: call next value for hibernate_sequence
Hibernate: insert into quiz (answers, email, options, text, title, id) values (?, ?, ?, ?, ?, ?)
?[1;31m
Start test 83?[0m
Hibernate: select userdata0_.email as email1_2_, userdata0_.password as password2_2_ from user_data userdata0_ where userdata0_.email=?
Hibernate: select userdata0_.email as email1_2_, userdata0_.password as password2_2_ from user_data userdata0_ where userdata0_.email=?
Hibernate: select quiz0_.id as id1_0_0_, quiz0_.answers as answers2_0_0_, quiz0_.email as email3_0_0_, quiz0_.options as options4_0_0_, quiz0_.text as text5_0_0_, quiz0_.title as title6_0_0_ from quiz quiz0_ where quiz0_.id=?
?[1;31m
Start test 84?[0m
Hibernate: select userdata0_.email as email1_2_, userdata0_.password as password2_2_ from user_data userdata0_ where userdata0_.email=?
Hibernate: select userdata0_.email as email1_2_, userdata0_.password as password2_2_ from user_data userdata0_ where userdata0_.email=?
Hibernate: select quiz0_.id as id1_0_0_, quiz0_.answers as answers2_0_0_, quiz0_.email as email3_0_0_, quiz0_.options as options4_0_0_, quiz0_.text as text5_0_0_, quiz0_.title as title6_0_0_ from quiz quiz0_ where quiz0_.id=?
?[1;31m
Start test 85?[0m
Hibernate: select userdata0_.email as email1_2_, userdata0_.password as password2_2_ from user_data userdata0_ where userdata0_.email=?
Hibernate: select userdata0_.email as email1_2_, userdata0_.password as password2_2_ from user_data userdata0_ where userdata0_.email=?
Hibernate: select quiz0_.id as id1_0_0_, quiz0_.answers as answers2_0_0_, quiz0_.email as email3_0_0_, quiz0_.options as options4_0_0_, quiz0_.text as text5_0_0_, quiz0_.title as title6_0_0_ from quiz quiz0_ where quiz0_.id=?
?[1;31m
Start test 86?[0m
Hibernate: select userdata0_.email as email1_2_, userdata0_.password as password2_2_ from user_data userdata0_ where userdata0_.email=?
Hibernate: select userdata0_.email as email1_2_, userdata0_.password as password2_2_ from user_data userdata0_ where userdata0_.email=?
Hibernate: select quiz0_.id as id1_0_0_, quiz0_.answers as answers2_0_0_, quiz0_.email as email3_0_0_, quiz0_.options as options4_0_0_, quiz0_.text as text5_0_0_, quiz0_.title as title6_0_0_ from quiz quiz0_ where quiz0_.id=?
?[1;31m
Start test 87?[0m
Hibernate: select userdata0_.email as email1_2_, userdata0_.password as password2_2_ from user_data userdata0_ where userdata0_.email=?
Hibernate: select userdata0_.email as email1_2_, userdata0_.password as password2_2_ from user_data userdata0_ where userdata0_.email=?
Hibernate: select quiz0_.id as id1_0_0_, quiz0_.answers as answers2_0_0_, quiz0_.email as email3_0_0_, quiz0_.options as options4_0_0_, quiz0_.text as text5_0_0_, quiz0_.title as title6_0_0_ from quiz quiz0_ where quiz0_.id=?
?[1;31m
Start test 88?[0m
Hibernate: select userdata0_.email as email1_2_, userdata0_.password as password2_2_ from user_data userdata0_ where userdata0_.email=?
Hibernate: select userdata0_.email as email1_2_, userdata0_.password as password2_2_ from user_data userdata0_ where userdata0_.email=?
Hibernate: select quiz0_.id as id1_0_0_, quiz0_.answers as answers2_0_0_, quiz0_.email as email3_0_0_, quiz0_.options as options4_0_0_, quiz0_.text as text5_0_0_, quiz0_.title as title6_0_0_ from quiz quiz0_ where quiz0_.id=?
?[1;31m
Start test 89?[0m
Hibernate: select userdata0_.email as email1_2_, userdata0_.password as password2_2_ from user_data userdata0_ where userdata0_.email=?
Hibernate: select userdata0_.email as email1_2_, userdata0_.password as password2_2_ from user_data userdata0_ where userdata0_.email=?
Hibernate: select quiz0_.id as id1_0_0_, quiz0_.answers as answers2_0_0_, quiz0_.email as email3_0_0_, quiz0_.options as options4_0_0_, quiz0_.text as text5_0_0_, quiz0_.title as title6_0_0_ from quiz quiz0_ where quiz0_.id=?
?[1;31m
Start test 90?[0m
Hibernate: select userdata0_.email as email1_2_, userdata0_.password as password2_2_ from user_data userdata0_ where userdata0_.email=?
Hibernate: select userdata0_.email as email1_2_, userdata0_.password as password2_2_ from user_data userdata0_ where userdata0_.email=?
Hibernate: select quiz0_.id as id1_0_0_, quiz0_.answers as answers2_0_0_, quiz0_.email as email3_0_0_, quiz0_.options as options4_0_0_, quiz0_.text as text5_0_0_, quiz0_.title as title6_0_0_ from quiz quiz0_ where quiz0_.id=?
?[1;31m
Start test 91?[0m
Hibernate: select userdata0_.email as email1_2_, userdata0_.password as password2_2_ from user_data userdata0_ where userdata0_.email=?
Hibernate: select userdata0_.email as email1_2_, userdata0_.password as password2_2_ from user_data userdata0_ where userdata0_.email=?
Hibernate: select quiz0_.id as id1_0_0_, quiz0_.answers as answers2_0_0_, quiz0_.email as email3_0_0_, quiz0_.options as options4_0_0_, quiz0_.text as text5_0_0_, quiz0_.title as title6_0_0_ from quiz quiz0_ where quiz0_.id=?
?[1;31m
Start test 92?[0m
Hibernate: select userdata0_.email as email1_2_, userdata0_.password as password2_2_ from user_data userdata0_ where userdata0_.email=?
Hibernate: select userdata0_.email as email1_2_, userdata0_.password as password2_2_ from user_data userdata0_ where userdata0_.email=?
Hibernate: select quiz0_.id as id1_0_0_, quiz0_.answers as answers2_0_0_, quiz0_.email as email3_0_0_, quiz0_.options as options4_0_0_, quiz0_.text as text5_0_0_, quiz0_.title as title6_0_0_ from quiz quiz0_ where quiz0_.id=?
?[1;31m
Start test 93?[0m
Hibernate: select userdata0_.email as email1_2_, userdata0_.password as password2_2_ from user_data userdata0_ where userdata0_.email=?
Hibernate: select userdata0_.email as email1_2_, userdata0_.password as password2_2_ from user_data userdata0_ where userdata0_.email=?
Hibernate: select quiz0_.id as id1_0_0_, quiz0_.answers as answers2_0_0_, quiz0_.email as email3_0_0_, quiz0_.options as options4_0_0_, quiz0_.text as text5_0_0_, quiz0_.title as title6_0_0_ from quiz quiz0_ where quiz0_.id=?
?[1;31m
Start test 94?[0m
Hibernate: select userdata0_.email as email1_2_, userdata0_.password as password2_2_ from user_data userdata0_ where userdata0_.email=?
Hibernate: select userdata0_.email as email1_2_, userdata0_.password as password2_2_ from user_data userdata0_ where userdata0_.email=?
Hibernate: select quiz0_.id as id1_0_0_, quiz0_.answers as answers2_0_0_, quiz0_.email as email3_0_0_, quiz0_.options as options4_0_0_, quiz0_.text as text5_0_0_, quiz0_.title as title6_0_0_ from quiz quiz0_ where quiz0_.id=?
Hibernate: call next value for hibernate_sequence
Hibernate: insert into quiz_completion_data (completed_at, email, id, stamp_id) values (?, ?, ?, ?)
?[1;31m
Start test 95?[0m
Hibernate: select userdata0_.email as email1_2_, userdata0_.password as password2_2_ from user_data userdata0_ where userdata0_.email=?
Hibernate: select userdata0_.email as email1_2_, userdata0_.password as password2_2_ from user_data userdata0_ where userdata0_.email=?
Hibernate: select quiz0_.id as id1_0_0_, quiz0_.answers as answers2_0_0_, quiz0_.email as email3_0_0_, quiz0_.options as options4_0_0_, quiz0_.text as text5_0_0_, quiz0_.title as title6_0_0_ from quiz quiz0_ where quiz0_.id=?
?[1;31m
Start test 96?[0m
Hibernate: select userdata0_.email as email1_2_, userdata0_.password as password2_2_ from user_data userdata0_ where userdata0_.email=?
Hibernate: select userdata0_.email as email1_2_, userdata0_.password as password2_2_ from user_data userdata0_ where userdata0_.email=?
Hibernate: select quiz0_.id as id1_0_0_, quiz0_.answers as answers2_0_0_, quiz0_.email as email3_0_0_, quiz0_.options as options4_0_0_, quiz0_.text as text5_0_0_, quiz0_.title as title6_0_0_ from quiz quiz0_ where quiz0_.id=?
?[1;31m
Start test 97?[0m
Hibernate: select userdata0_.email as email1_2_, userdata0_.password as password2_2_ from user_data userdata0_ where userdata0_.email=?
Hibernate: select userdata0_.email as email1_2_, userdata0_.password as password2_2_ from user_data userdata0_ where userdata0_.email=?
Hibernate: select quiz0_.id as id1_0_0_, quiz0_.answers as answers2_0_0_, quiz0_.email as email3_0_0_, quiz0_.options as options4_0_0_, quiz0_.text as text5_0_0_, quiz0_.title as title6_0_0_ from quiz quiz0_ where quiz0_.id=?
?[1;31m
Start test 98?[0m
Hibernate: select userdata0_.email as email1_2_, userdata0_.password as password2_2_ from user_data userdata0_ where userdata0_.email=?
Hibernate: select userdata0_.email as email1_2_, userdata0_.password as password2_2_ from user_data userdata0_ where userdata0_.email=?
Hibernate: select quiz0_.id as id1_0_0_, quiz0_.answers as answers2_0_0_, quiz0_.email as email3_0_0_, quiz0_.options as options4_0_0_, quiz0_.text as text5_0_0_, quiz0_.title as title6_0_0_ from quiz quiz0_ where quiz0_.id=?
?[1;31m
Start test 99?[0m
Hibernate: select userdata0_.email as email1_2_, userdata0_.password as password2_2_ from user_data userdata0_ where userdata0_.email=?
Hibernate: select userdata0_.email as email1_2_, userdata0_.password as password2_2_ from user_data userdata0_ where userdata0_.email=?
Hibernate: select quiz0_.id as id1_0_0_, quiz0_.answers as answers2_0_0_, quiz0_.email as email3_0_0_, quiz0_.options as options4_0_0_, quiz0_.text as text5_0_0_, quiz0_.title as title6_0_0_ from quiz quiz0_ where quiz0_.id=?
?[1;31m
Start test 100?[0m
Hibernate: select userdata0_.email as email1_2_, userdata0_.password as password2_2_ from user_data userdata0_ where userdata0_.email=?
Hibernate: select userdata0_.email as email1_2_, userdata0_.password as password2_2_ from user_data userdata0_ where userdata0_.email=?
Hibernate: call next value for hibernate_sequence
Hibernate: insert into quiz (answers, email, options, text, title, id) values (?, ?, ?, ?, ?, ?)
?[1;31m
Start test 101?[0m
Hibernate: select userdata0_.email as email1_2_, userdata0_.password as password2_2_ from user_data userdata0_ where userdata0_.email=?
Hibernate: select userdata0_.email as email1_2_, userdata0_.password as password2_2_ from user_data userdata0_ where userdata0_.email=?
Hibernate: select quiz0_.id as id1_0_0_, quiz0_.answers as answers2_0_0_, quiz0_.email as email3_0_0_, quiz0_.options as options4_0_0_, quiz0_.text as text5_0_0_, quiz0_.title as title6_0_0_ from quiz quiz0_ where quiz0_.id=?
?[1;31m
Start test 102?[0m
Hibernate: select userdata0_.email as email1_2_, userdata0_.password as password2_2_ from user_data userdata0_ where userdata0_.email=?
Hibernate: select userdata0_.email as email1_2_, userdata0_.password as password2_2_ from user_data userdata0_ where userdata0_.email=?
Hibernate: select quiz0_.id as id1_0_0_, quiz0_.answers as answers2_0_0_, quiz0_.email as email3_0_0_, quiz0_.options as options4_0_0_, quiz0_.text as text5_0_0_, quiz0_.title as title6_0_0_ from quiz quiz0_ where quiz0_.id=?
?[1;31m
Start test 103?[0m
Hibernate: select userdata0_.email as email1_2_, userdata0_.password as password2_2_ from user_data userdata0_ where userdata0_.email=?
Hibernate: select userdata0_.email as email1_2_, userdata0_.password as password2_2_ from user_data userdata0_ where userdata0_.email=?
Hibernate: select quiz0_.id as id1_0_0_, quiz0_.answers as answers2_0_0_, quiz0_.email as email3_0_0_, quiz0_.options as options4_0_0_, quiz0_.text as text5_0_0_, quiz0_.title as title6_0_0_ from quiz quiz0_ where quiz0_.id=?
Hibernate: call next value for hibernate_sequence
Hibernate: insert into quiz_completion_data (completed_at, email, id, stamp_id) values (?, ?, ?, ?)
?[1;31m
Start test 104?[0m
Hibernate: select userdata0_.email as email1_2_, userdata0_.password as password2_2_ from user_data userdata0_ where userdata0_.email=?
Hibernate: select userdata0_.email as email1_2_, userdata0_.password as password2_2_ from user_data userdata0_ where userdata0_.email=?
Hibernate: select quiz0_.id as id1_0_0_, quiz0_.answers as answers2_0_0_, quiz0_.email as email3_0_0_, quiz0_.options as options4_0_0_, quiz0_.text as text5_0_0_, quiz0_.title as title6_0_0_ from quiz quiz0_ where quiz0_.id=?
?[1;31m
Start test 105?[0m
Hibernate: select userdata0_.email as email1_2_, userdata0_.password as password2_2_ from user_data userdata0_ where userdata0_.email=?
Hibernate: select userdata0_.email as email1_2_, userdata0_.password as password2_2_ from user_data userdata0_ where userdata0_.email=?
Hibernate: select quiz0_.id as id1_0_0_, quiz0_.answers as answers2_0_0_, quiz0_.email as email3_0_0_, quiz0_.options as options4_0_0_, quiz0_.text as text5_0_0_, quiz0_.title as title6_0_0_ from quiz quiz0_ where quiz0_.id=?
?[1;31m
Start test 106?[0m
Hibernate: select userdata0_.email as email1_2_, userdata0_.password as password2_2_ from user_data userdata0_ where userdata0_.email=?
Hibernate: select userdata0_.email as email1_2_, userdata0_.password as password2_2_ from user_data userdata0_ where userdata0_.email=?
Hibernate: select quiz0_.id as id1_0_0_, quiz0_.answers as answers2_0_0_, quiz0_.email as email3_0_0_, quiz0_.options as options4_0_0_, quiz0_.text as text5_0_0_, quiz0_.title as title6_0_0_ from quiz quiz0_ where quiz0_.id=?
?[1;31m
Start test 107?[0m
Hibernate: select userdata0_.email as email1_2_, userdata0_.password as password2_2_ from user_data userdata0_ where userdata0_.email=?
Hibernate: select userdata0_.email as email1_2_, userdata0_.password as password2_2_ from user_data userdata0_ where userdata0_.email=?
Hibernate: select quiz0_.id as id1_0_0_, quiz0_.answers as answers2_0_0_, quiz0_.email as email3_0_0_, quiz0_.options as options4_0_0_, quiz0_.text as text5_0_0_, quiz0_.title as title6_0_0_ from quiz quiz0_ where quiz0_.id=?
?[1;31m
Start test 108?[0m
Hibernate: select userdata0_.email as email1_2_, userdata0_.password as password2_2_ from user_data userdata0_ where userdata0_.email=?
Hibernate: select userdata0_.email as email1_2_, userdata0_.password as password2_2_ from user_data userdata0_ where userdata0_.email=?
Hibernate: select quiz0_.id as id1_0_0_, quiz0_.answers as answers2_0_0_, quiz0_.email as email3_0_0_, quiz0_.options as options4_0_0_, quiz0_.text as text5_0_0_, quiz0_.title as title6_0_0_ from quiz quiz0_ where quiz0_.id=?
?[1;31m
Start test 109?[0m
Hibernate: select userdata0_.email as email1_2_, userdata0_.password as password2_2_ from user_data userdata0_ where userdata0_.email=?
Hibernate: select userdata0_.email as email1_2_, userdata0_.password as password2_2_ from user_data userdata0_ where userdata0_.email=?
Hibernate: select quiz0_.id as id1_0_0_, quiz0_.answers as answers2_0_0_, quiz0_.email as email3_0_0_, quiz0_.options as options4_0_0_, quiz0_.text as text5_0_0_, quiz0_.title as title6_0_0_ from quiz quiz0_ where quiz0_.id=?
?[1;31m
Start test 110?[0m
Hibernate: select userdata0_.email as email1_2_, userdata0_.password as password2_2_ from user_data userdata0_ where userdata0_.email=?
Hibernate: select userdata0_.email as email1_2_, userdata0_.password as password2_2_ from user_data userdata0_ where userdata0_.email=?
Hibernate: select quiz0_.id as id1_0_0_, quiz0_.answers as answers2_0_0_, quiz0_.email as email3_0_0_, quiz0_.options as options4_0_0_, quiz0_.text as text5_0_0_, quiz0_.title as title6_0_0_ from quiz quiz0_ where quiz0_.id=?
?[1;31m
Start test 111?[0m
Hibernate: select userdata0_.email as email1_2_, userdata0_.password as password2_2_ from user_data userdata0_ where userdata0_.email=?
Hibernate: select userdata0_.email as email1_2_, userdata0_.password as password2_2_ from user_data userdata0_ where userdata0_.email=?
Hibernate: select quiz0_.id as id1_0_0_, quiz0_.answers as answers2_0_0_, quiz0_.email as email3_0_0_, quiz0_.options as options4_0_0_, quiz0_.text as text5_0_0_, quiz0_.title as title6_0_0_ from quiz quiz0_ where quiz0_.id=?
?[1;31m
Start test 112?[0m
Hibernate: select userdata0_.email as email1_2_, userdata0_.password as password2_2_ from user_data userdata0_ where userdata0_.email=?
Hibernate: select userdata0_.email as email1_2_, userdata0_.password as password2_2_ from user_data userdata0_ where userdata0_.email=?
Hibernate: select quiz0_.id as id1_0_0_, quiz0_.answers as answers2_0_0_, quiz0_.email as email3_0_0_, quiz0_.options as options4_0_0_, quiz0_.text as text5_0_0_, quiz0_.title as title6_0_0_ from quiz quiz0_ where quiz0_.id=?
?[1;31m
Start test 113?[0m
Hibernate: select userdata0_.email as email1_2_, userdata0_.password as password2_2_ from user_data userdata0_ where userdata0_.email=?
Hibernate: select userdata0_.email as email1_2_, userdata0_.password as password2_2_ from user_data userdata0_ where userdata0_.email=?
Hibernate: select quiz0_.id as id1_0_0_, quiz0_.answers as answers2_0_0_, quiz0_.email as email3_0_0_, quiz0_.options as options4_0_0_, quiz0_.text as text5_0_0_, quiz0_.title as title6_0_0_ from quiz quiz0_ where quiz0_.id=?
?[1;31m
Start test 114?[0m
Hibernate: select userdata0_.email as email1_2_, userdata0_.password as password2_2_ from user_data userdata0_ where userdata0_.email=?
Hibernate: select userdata0_.email as email1_2_, userdata0_.password as password2_2_ from user_data userdata0_ where userdata0_.email=?
Hibernate: select quiz0_.id as id1_0_0_, quiz0_.answers as answers2_0_0_, quiz0_.email as email3_0_0_, quiz0_.options as options4_0_0_, quiz0_.text as text5_0_0_, quiz0_.title as title6_0_0_ from quiz quiz0_ where quiz0_.id=?
?[1;31m
Start test 115?[0m
Hibernate: select userdata0_.email as email1_2_, userdata0_.password as password2_2_ from user_data userdata0_ where userdata0_.email=?
Hibernate: select userdata0_.email as email1_2_, userdata0_.password as password2_2_ from user_data userdata0_ where userdata0_.email=?
Hibernate: select quiz0_.id as id1_0_0_, quiz0_.answers as answers2_0_0_, quiz0_.email as email3_0_0_, quiz0_.options as options4_0_0_, quiz0_.text as text5_0_0_, quiz0_.title as title6_0_0_ from quiz quiz0_ where quiz0_.id=?
?[1;31m
Start test 116?[0m
Hibernate: select userdata0_.email as email1_2_, userdata0_.password as password2_2_ from user_data userdata0_ where userdata0_.email=?
Hibernate: select userdata0_.email as email1_2_, userdata0_.password as password2_2_ from user_data userdata0_ where userdata0_.email=?
Hibernate: select quiz0_.id as id1_0_0_, quiz0_.answers as answers2_0_0_, quiz0_.email as email3_0_0_, quiz0_.options as options4_0_0_, quiz0_.text as text5_0_0_, quiz0_.title as title6_0_0_ from quiz quiz0_ where quiz0_.id=?
?[1;31m
Start test 117?[0m
Hibernate: select userdata0_.email as email1_2_, userdata0_.password as password2_2_ from user_data userdata0_ where userdata0_.email=?
Hibernate: select userdata0_.email as email1_2_, userdata0_.password as password2_2_ from user_data userdata0_ where userdata0_.email=?
Hibernate: select quiz0_.id as id1_0_0_, quiz0_.answers as answers2_0_0_, quiz0_.email as email3_0_0_, quiz0_.options as options4_0_0_, quiz0_.text as text5_0_0_, quiz0_.title as title6_0_0_ from quiz quiz0_ where quiz0_.id=?
?[1;31m
Start test 118?[0m
Hibernate: select userdata0_.email as email1_2_, userdata0_.password as password2_2_ from user_data userdata0_ where userdata0_.email=?
Hibernate: select userdata0_.email as email1_2_, userdata0_.password as password2_2_ from user_data userdata0_ where userdata0_.email=?
Hibernate: call next value for hibernate_sequence
Hibernate: insert into quiz (answers, email, options, text, title, id) values (?, ?, ?, ?, ?, ?)
?[1;31m
Start test 119?[0m
Hibernate: select userdata0_.email as email1_2_, userdata0_.password as password2_2_ from user_data userdata0_ where userdata0_.email=?
Hibernate: select userdata0_.email as email1_2_, userdata0_.password as password2_2_ from user_data userdata0_ where userdata0_.email=?
Hibernate: select quiz0_.id as id1_0_0_, quiz0_.answers as answers2_0_0_, quiz0_.email as email3_0_0_, quiz0_.options as options4_0_0_, quiz0_.text as text5_0_0_, quiz0_.title as title6_0_0_ from quiz quiz0_ where quiz0_.id=?
?[1;31m
Start test 120?[0m
Hibernate: select userdata0_.email as email1_2_, userdata0_.password as password2_2_ from user_data userdata0_ where userdata0_.email=?
Hibernate: select userdata0_.email as email1_2_, userdata0_.password as password2_2_ from user_data userdata0_ where userdata0_.email=?
Hibernate: select quiz0_.id as id1_0_0_, quiz0_.answers as answers2_0_0_, quiz0_.email as email3_0_0_, quiz0_.options as options4_0_0_, quiz0_.text as text5_0_0_, quiz0_.title as title6_0_0_ from quiz quiz0_ where quiz0_.id=?
?[1;31m
Start test 121?[0m
Hibernate: select userdata0_.email as email1_2_, userdata0_.password as password2_2_ from user_data userdata0_ where userdata0_.email=?
Hibernate: select userdata0_.email as email1_2_, userdata0_.password as password2_2_ from user_data userdata0_ where userdata0_.email=?
Hibernate: select quiz0_.id as id1_0_0_, quiz0_.answers as answers2_0_0_, quiz0_.email as email3_0_0_, quiz0_.options as options4_0_0_, quiz0_.text as text5_0_0_, quiz0_.title as title6_0_0_ from quiz quiz0_ where quiz0_.id=?
Hibernate: call next value for hibernate_sequence
Hibernate: insert into quiz_completion_data (completed_at, email, id, stamp_id) values (?, ?, ?, ?)
?[1;31m
Start test 122?[0m
Hibernate: select userdata0_.email as email1_2_, userdata0_.password as password2_2_ from user_data userdata0_ where userdata0_.email=?
Hibernate: select userdata0_.email as email1_2_, userdata0_.password as password2_2_ from user_data userdata0_ where userdata0_.email=?
Hibernate: select quiz0_.id as id1_0_0_, quiz0_.answers as answers2_0_0_, quiz0_.email as email3_0_0_, quiz0_.options as options4_0_0_, quiz0_.text as text5_0_0_, quiz0_.title as title6_0_0_ from quiz quiz0_ where quiz0_.id=?
?[1;31m
Start test 123?[0m
Hibernate: select userdata0_.email as email1_2_, userdata0_.password as password2_2_ from user_data userdata0_ where userdata0_.email=?
Hibernate: select userdata0_.email as email1_2_, userdata0_.password as password2_2_ from user_data userdata0_ where userdata0_.email=?
Hibernate: select quiz0_.id as id1_0_0_, quiz0_.answers as answers2_0_0_, quiz0_.email as email3_0_0_, quiz0_.options as options4_0_0_, quiz0_.text as text5_0_0_, quiz0_.title as title6_0_0_ from quiz quiz0_ where quiz0_.id=?
?[1;31m
Start test 124?[0m
Hibernate: select userdata0_.email as email1_2_, userdata0_.password as password2_2_ from user_data userdata0_ where userdata0_.email=?
Hibernate: select userdata0_.email as email1_2_, userdata0_.password as password2_2_ from user_data userdata0_ where userdata0_.email=?
Hibernate: select quiz0_.id as id1_0_0_, quiz0_.answers as answers2_0_0_, quiz0_.email as email3_0_0_, quiz0_.options as options4_0_0_, quiz0_.text as text5_0_0_, quiz0_.title as title6_0_0_ from quiz quiz0_ where quiz0_.id=?
?[1;31m
Start test 125?[0m
Hibernate: select userdata0_.email as email1_2_, userdata0_.password as password2_2_ from user_data userdata0_ where userdata0_.email=?
Hibernate: select userdata0_.email as email1_2_, userdata0_.password as password2_2_ from user_data userdata0_ where userdata0_.email=?
Hibernate: select quiz0_.id as id1_0_0_, quiz0_.answers as answers2_0_0_, quiz0_.email as email3_0_0_, quiz0_.options as options4_0_0_, quiz0_.text as text5_0_0_, quiz0_.title as title6_0_0_ from quiz quiz0_ where quiz0_.id=?
?[1;31m
Start test 126?[0m
Hibernate: select userdata0_.email as email1_2_, userdata0_.password as password2_2_ from user_data userdata0_ where userdata0_.email=?
Hibernate: select userdata0_.email as email1_2_, userdata0_.password as password2_2_ from user_data userdata0_ where userdata0_.email=?
Hibernate: select quiz0_.id as id1_0_0_, quiz0_.answers as answers2_0_0_, quiz0_.email as email3_0_0_, quiz0_.options as options4_0_0_, quiz0_.text as text5_0_0_, quiz0_.title as title6_0_0_ from quiz quiz0_ where quiz0_.id=?
?[1;31m
Start test 127?[0m
Hibernate: select userdata0_.email as email1_2_, userdata0_.password as password2_2_ from user_data userdata0_ where userdata0_.email=?
Hibernate: select userdata0_.email as email1_2_, userdata0_.password as password2_2_ from user_data userdata0_ where userdata0_.email=?
Hibernate: select quiz0_.id as id1_0_0_, quiz0_.answers as answers2_0_0_, quiz0_.email as email3_0_0_, quiz0_.options as options4_0_0_, quiz0_.text as text5_0_0_, quiz0_.title as title6_0_0_ from quiz quiz0_ where quiz0_.id=?
?[1;31m
Start test 128?[0m
Hibernate: select userdata0_.email as email1_2_, userdata0_.password as password2_2_ from user_data userdata0_ where userdata0_.email=?
Hibernate: select userdata0_.email as email1_2_, userdata0_.password as password2_2_ from user_data userdata0_ where userdata0_.email=?
Hibernate: select quiz0_.id as id1_0_0_, quiz0_.answers as answers2_0_0_, quiz0_.email as email3_0_0_, quiz0_.options as options4_0_0_, quiz0_.text as text5_0_0_, quiz0_.title as title6_0_0_ from quiz quiz0_ where quiz0_.id=?
?[1;31m
Start test 129?[0m
Hibernate: select userdata0_.email as email1_2_, userdata0_.password as password2_2_ from user_data userdata0_ where userdata0_.email=?
Hibernate: select userdata0_.email as email1_2_, userdata0_.password as password2_2_ from user_data userdata0_ where userdata0_.email=?
Hibernate: select quiz0_.id as id1_0_0_, quiz0_.answers as answers2_0_0_, quiz0_.email as email3_0_0_, quiz0_.options as options4_0_0_, quiz0_.text as text5_0_0_, quiz0_.title as title6_0_0_ from quiz quiz0_ where quiz0_.id=?
?[1;31m
Start test 130?[0m
Hibernate: select userdata0_.email as email1_2_, userdata0_.password as password2_2_ from user_data userdata0_ where userdata0_.email=?
Hibernate: select userdata0_.email as email1_2_, userdata0_.password as password2_2_ from user_data userdata0_ where userdata0_.email=?
Hibernate: select quiz0_.id as id1_0_0_, quiz0_.answers as answers2_0_0_, quiz0_.email as email3_0_0_, quiz0_.options as options4_0_0_, quiz0_.text as text5_0_0_, quiz0_.title as title6_0_0_ from quiz quiz0_ where quiz0_.id=?
?[1;31m
Start test 131?[0m
Hibernate: select userdata0_.email as email1_2_, userdata0_.password as password2_2_ from user_data userdata0_ where userdata0_.email=?
Hibernate: select userdata0_.email as email1_2_, userdata0_.password as password2_2_ from user_data userdata0_ where userdata0_.email=?
Hibernate: select quiz0_.id as id1_0_0_, quiz0_.answers as answers2_0_0_, quiz0_.email as email3_0_0_, quiz0_.options as options4_0_0_, quiz0_.text as text5_0_0_, quiz0_.title as title6_0_0_ from quiz quiz0_ where quiz0_.id=?
?[1;31m
Start test 132?[0m
Hibernate: select userdata0_.email as email1_2_, userdata0_.password as password2_2_ from user_data userdata0_ where userdata0_.email=?
Hibernate: select userdata0_.email as email1_2_, userdata0_.password as password2_2_ from user_data userdata0_ where userdata0_.email=?
Hibernate: select quiz0_.id as id1_0_0_, quiz0_.answers as answers2_0_0_, quiz0_.email as email3_0_0_, quiz0_.options as options4_0_0_, quiz0_.text as text5_0_0_, quiz0_.title as title6_0_0_ from quiz quiz0_ where quiz0_.id=?
?[1;31m
Start test 133?[0m
Hibernate: select userdata0_.email as email1_2_, userdata0_.password as password2_2_ from user_data userdata0_ where userdata0_.email=?
Hibernate: select userdata0_.email as email1_2_, userdata0_.password as password2_2_ from user_data userdata0_ where userdata0_.email=?
Hibernate: select quiz0_.id as id1_0_0_, quiz0_.answers as answers2_0_0_, quiz0_.email as email3_0_0_, quiz0_.options as options4_0_0_, quiz0_.text as text5_0_0_, quiz0_.title as title6_0_0_ from quiz quiz0_ where quiz0_.id=?
?[1;31m
Start test 134?[0m
Hibernate: select userdata0_.email as email1_2_, userdata0_.password as password2_2_ from user_data userdata0_ where userdata0_.email=?
Hibernate: select userdata0_.email as email1_2_, userdata0_.password as password2_2_ from user_data userdata0_ where userdata0_.email=?
Hibernate: select quiz0_.id as id1_0_0_, quiz0_.answers as answers2_0_0_, quiz0_.email as email3_0_0_, quiz0_.options as options4_0_0_, quiz0_.text as text5_0_0_, quiz0_.title as title6_0_0_ from quiz quiz0_ where quiz0_.id=?
?[1;31m
Start test 135?[0m
Hibernate: select userdata0_.email as email1_2_, userdata0_.password as password2_2_ from user_data userdata0_ where userdata0_.email=?
Hibernate: select userdata0_.email as email1_2_, userdata0_.password as password2_2_ from user_data userdata0_ where userdata0_.email=?
Hibernate: select quiz0_.id as id1_0_0_, quiz0_.answers as answers2_0_0_, quiz0_.email as email3_0_0_, quiz0_.options as options4_0_0_, quiz0_.text as text5_0_0_, quiz0_.title as title6_0_0_ from quiz quiz0_ where quiz0_.id=?
?[1;31m
Start test 136?[0m
Hibernate: select userdata0_.email as email1_2_, userdata0_.password as password2_2_ from user_data userdata0_ where userdata0_.email=?
Hibernate: select userdata0_.email as email1_2_, userdata0_.password as password2_2_ from user_data userdata0_ where userdata0_.email=?
Hibernate: call next value for hibernate_sequence
Hibernate: insert into quiz (answers, email, options, text, title, id) values (?, ?, ?, ?, ?, ?)
?[1;31m
Start test 137?[0m
Hibernate: select userdata0_.email as email1_2_, userdata0_.password as password2_2_ from user_data userdata0_ where userdata0_.email=?
Hibernate: select userdata0_.email as email1_2_, userdata0_.password as password2_2_ from user_data userdata0_ where userdata0_.email=?
Hibernate: select quiz0_.id as id1_0_0_, quiz0_.answers as answers2_0_0_, quiz0_.email as email3_0_0_, quiz0_.options as options4_0_0_, quiz0_.text as text5_0_0_, quiz0_.title as title6_0_0_ from quiz quiz0_ where quiz0_.id=?
?[1;31m
Start test 138?[0m
Hibernate: select userdata0_.email as email1_2_, userdata0_.password as password2_2_ from user_data userdata0_ where userdata0_.email=?
Hibernate: select userdata0_.email as email1_2_, userdata0_.password as password2_2_ from user_data userdata0_ where userdata0_.email=?
Hibernate: select quiz0_.id as id1_0_0_, quiz0_.answers as answers2_0_0_, quiz0_.email as email3_0_0_, quiz0_.options as options4_0_0_, quiz0_.text as text5_0_0_, quiz0_.title as title6_0_0_ from quiz quiz0_ where quiz0_.id=?
?[1;31m
Start test 139?[0m
Hibernate: select userdata0_.email as email1_2_, userdata0_.password as password2_2_ from user_data userdata0_ where userdata0_.email=?
Hibernate: select userdata0_.email as email1_2_, userdata0_.password as password2_2_ from user_data userdata0_ where userdata0_.email=?
Hibernate: select quiz0_.id as id1_0_0_, quiz0_.answers as answers2_0_0_, quiz0_.email as email3_0_0_, quiz0_.options as options4_0_0_, quiz0_.text as text5_0_0_, quiz0_.title as title6_0_0_ from quiz quiz0_ where quiz0_.id=?
?[1;31m
Start test 140?[0m
Hibernate: select userdata0_.email as email1_2_, userdata0_.password as password2_2_ from user_data userdata0_ where userdata0_.email=?
Hibernate: select userdata0_.email as email1_2_, userdata0_.password as password2_2_ from user_data userdata0_ where userdata0_.email=?
Hibernate: select quiz0_.id as id1_0_0_, quiz0_.answers as answers2_0_0_, quiz0_.email as email3_0_0_, quiz0_.options as options4_0_0_, quiz0_.text as text5_0_0_, quiz0_.title as title6_0_0_ from quiz quiz0_ where quiz0_.id=?
?[1;31m
Start test 141?[0m
Hibernate: select userdata0_.email as email1_2_, userdata0_.password as password2_2_ from user_data userdata0_ where userdata0_.email=?
Hibernate: select userdata0_.email as email1_2_, userdata0_.password as password2_2_ from user_data userdata0_ where userdata0_.email=?
Hibernate: select quiz0_.id as id1_0_0_, quiz0_.answers as answers2_0_0_, quiz0_.email as email3_0_0_, quiz0_.options as options4_0_0_, quiz0_.text as text5_0_0_, quiz0_.title as title6_0_0_ from quiz quiz0_ where quiz0_.id=?
?[1;31m
Start test 142?[0m
Hibernate: select userdata0_.email as email1_2_, userdata0_.password as password2_2_ from user_data userdata0_ where userdata0_.email=?
Hibernate: select userdata0_.email as email1_2_, userdata0_.password as password2_2_ from user_data userdata0_ where userdata0_.email=?
Hibernate: select quiz0_.id as id1_0_0_, quiz0_.answers as answers2_0_0_, quiz0_.email as email3_0_0_, quiz0_.options as options4_0_0_, quiz0_.text as text5_0_0_, quiz0_.title as title6_0_0_ from quiz quiz0_ where quiz0_.id=?
?[1;31m
Start test 143?[0m
Hibernate: select userdata0_.email as email1_2_, userdata0_.password as password2_2_ from user_data userdata0_ where userdata0_.email=?
Hibernate: select userdata0_.email as email1_2_, userdata0_.password as password2_2_ from user_data userdata0_ where userdata0_.email=?
Hibernate: select quiz0_.id as id1_0_0_, quiz0_.answers as answers2_0_0_, quiz0_.email as email3_0_0_, quiz0_.options as options4_0_0_, quiz0_.text as text5_0_0_, quiz0_.title as title6_0_0_ from quiz quiz0_ where quiz0_.id=?
?[1;31m
Start test 144?[0m
Hibernate: select userdata0_.email as email1_2_, userdata0_.password as password2_2_ from user_data userdata0_ where userdata0_.email=?
Hibernate: select userdata0_.email as email1_2_, userdata0_.password as password2_2_ from user_data userdata0_ where userdata0_.email=?
Hibernate: select quiz0_.id as id1_0_0_, quiz0_.answers as answers2_0_0_, quiz0_.email as email3_0_0_, quiz0_.options as options4_0_0_, quiz0_.text as text5_0_0_, quiz0_.title as title6_0_0_ from quiz quiz0_ where quiz0_.id=?
?[1;31m
Start test 145?[0m
[...]
Hibernate: select quiz0_.id as id1_0_0_, quiz0_.answers as answers2_0_0_, quiz0_.email as email3_0_0_, quiz0_.options as options4_0_0_, quiz0_.text as text5_0_0_, quiz0_.title as title6_0_0_ from quiz quiz0_ where quiz0_.id=?
?[1;31m
Start test 207?[0m
Hibernate: select userdata0_.email as email1_2_, userdata0_.password as password2_2_ from user_data userdata0_ where userdata0_.email=?
Hibernate: select userdata0_.email as email1_2_, userdata0_.password as password2_2_ from user_data userdata0_ where userdata0_.email=?
Hibernate: select quiz0_.id as id1_0_0_, quiz0_.answers as answers2_0_0_, quiz0_.email as email3_0_0_, quiz0_.options as options4_0_0_, quiz0_.text as text5_0_0_, quiz0_.title as title6_0_0_ from quiz quiz0_ where quiz0_.id=?
Hibernate: delete from quiz where id=?
?[1;31m
Start test 208?[0m
Hibernate: select userdata0_.email as email1_2_, userdata0_.password as password2_2_ from user_data userdata0_ where userdata0_.email=?
Hibernate: select userdata0_.email as email1_2_, userdata0_.password as password2_2_ from user_data userdata0_ where userdata0_.email=?
Hibernate: select quiz0_.id as id1_0_0_, quiz0_.answers as answers2_0_0_, quiz0_.email as email3_0_0_, quiz0_.options as options4_0_0_, quiz0_.text as text5_0_0_, quiz0_.title as title6_0_0_ from quiz quiz0_ where quiz0_.id=?
?[1;31m
Start test 209?[0m
Hibernate: select userdata0_.email as email1_2_, userdata0_.password as password2_2_ from user_data userdata0_ where userdata0_.email=?
Hibernate: select userdata0_.email as email1_2_, userdata0_.password as password2_2_ from user_data userdata0_ where userdata0_.email=?
Hibernate: select quiz0_.id as id1_0_0_, quiz0_.answers as answers2_0_0_, quiz0_.email as email3_0_0_, quiz0_.options as options4_0_0_, quiz0_.text as text5_0_0_, quiz0_.title as title6_0_0_ from quiz quiz0_ where quiz0_.id=?
?[1;31m
Start test 210?[0m
Hibernate: select userdata0_.email as email1_2_, userdata0_.password as password2_2_ from user_data userdata0_ where userdata0_.email=?
Hibernate: select userdata0_.email as email1_2_, userdata0_.password as password2_2_ from user_data userdata0_ where userdata0_.email=?
Hibernate: select quiz0_.id as id1_0_0_, quiz0_.answers as answers2_0_0_, quiz0_.email as email3_0_0_, quiz0_.options as options4_0_0_, quiz0_.text as text5_0_0_, quiz0_.title as title6_0_0_ from quiz quiz0_ where quiz0_.id=?
?[1;31m
Start test 211?[0m
Hibernate: select userdata0_.email as email1_2_, userdata0_.password as password2_2_ from user_data userdata0_ where userdata0_.email=?
Hibernate: select userdata0_.email as email1_2_, userdata0_.password as password2_2_ from user_data userdata0_ where userdata0_.email=?
Hibernate: select quiz0_.id as id1_0_0_, quiz0_.answers as answers2_0_0_, quiz0_.email as email3_0_0_, quiz0_.options as options4_0_0_, quiz0_.text as text5_0_0_, quiz0_.title as title6_0_0_ from quiz quiz0_ where quiz0_.id=?
?[1;31m
Start test 212?[0m
Hibernate: select userdata0_.email as email1_2_, userdata0_.password as password2_2_ from user_data userdata0_ where userdata0_.email=?
Hibernate: select userdata0_.email as email1_2_, userdata0_.password as password2_2_ from user_data userdata0_ where userdata0_.email=?
Hibernate: select quiz0_.id as id1_0_0_, quiz0_.answers as answers2_0_0_, quiz0_.email as email3_0_0_, quiz0_.options as options4_0_0_, quiz0_.text as text5_0_0_, quiz0_.title as title6_0_0_ from quiz quiz0_ where quiz0_.id=?
?[1;31m
Start test 213?[0m
Hibernate: select userdata0_.email as email1_2_, userdata0_.password as password2_2_ from user_data userdata0_ where userdata0_.email=?
Hibernate: select userdata0_.email as email1_2_, userdata0_.password as password2_2_ from user_data userdata0_ where userdata0_.email=?
Hibernate: select quiz0_.id as id1_0_0_, quiz0_.answers as answers2_0_0_, quiz0_.email as email3_0_0_, quiz0_.options as options4_0_0_, quiz0_.text as text5_0_0_, quiz0_.title as title6_0_0_ from quiz quiz0_ where quiz0_.id=?
?[1;31m
Start test 214?[0m
Hibernate: select userdata0_.email as email1_2_, userdata0_.password as password2_2_ from user_data userdata0_ where userdata0_.email=?
Hibernate: select userdata0_.email as email1_2_, userdata0_.password as password2_2_ from user_data userdata0_ where userdata0_.email=?
Hibernate: select quiz0_.id as id1_0_, quiz0_.answers as answers2_0_, quiz0_.email as email3_0_, quiz0_.options as options4_0_, quiz0_.text as text5_0_, quiz0_.title as title6_0_ from quiz quiz0_ limit ?
?[1;31m
Start test 215?[0m
2020-10-22 00:40:14.215  INFO 2532 --- [      Thread-12] j.LocalContainerEntityManagerFactoryBean : Closing JPA EntityManagerFactory for persistence unit 'default'
2020-10-22 00:40:14.215  INFO 2532 --- [      Thread-12] o.s.s.concurrent.ThreadPoolTaskExecutor  : Shutting down ExecutorService 'applicationTaskExecutor'
2020-10-22 00:40:14.215  INFO 2532 --- [      Thread-12] com.zaxxer.hikari.HikariDataSource       : HikariPool-3 - Shutdown initiated...
2020-10-22 00:40:14.271  INFO 2532 --- [      Thread-12] com.zaxxer.hikari.HikariDataSource       : HikariPool-3 - Shutdown completed.

  .   ____          _            __ _ _
 /\\ / ___'_ __ _ _(_)_ __  __ _ \ \ \ \
( ( )\___ | '_ | '_| | '_ \/ _` | \ \ \ \
 \\/  ___)| |_)| | | | | || (_| |  ) ) ) )
  '  |____| .__|_| |_|_| |_\__, | / / / /
 =========|_|==============|___/=/_/_/_/
 :: Spring Boot ::        (v2.3.4.RELEASE)

2020-10-22 00:40:14.450  INFO 2532 --- [    Test worker] engine.WebQuizEngine                     : Starting WebQuizEngine on USER-S with PID 2532 (started by User in C:\Users\User\Downloads\Web Quiz Engine\Web Quiz Engine\task)
2020-10-22 00:40:14.450  INFO 2532 --- [    Test worker] engine.WebQuizEngine                     : No active profile set, falling back to default profiles: default
2020-10-22 00:40:15.043  INFO 2532 --- [    Test worker] .s.d.r.c.RepositoryConfigurationDelegate : Bootstrapping Spring Data JPA repositories in DEFERRED mode.
2020-10-22 00:40:15.075  INFO 2532 --- [    Test worker] .s.d.r.c.RepositoryConfigurationDelegate : Finished Spring Data repository scanning in 29ms. Found 3 JPA repository interfaces.
2020-10-22 00:40:15.236  INFO 2532 --- [    Test worker] o.s.b.w.embedded.tomcat.TomcatWebServer  : Tomcat initialized with port(s): 8889 (http)
2020-10-22 00:40:15.236  INFO 2532 --- [    Test worker] o.apache.catalina.core.StandardService   : Starting service [Tomcat]
2020-10-22 00:40:15.236  INFO 2532 --- [    Test worker] org.apache.catalina.core.StandardEngine  : Starting Servlet engine: [Apache Tomcat/9.0.38]
2020-10-22 00:40:15.292  INFO 2532 --- [    Test worker] o.a.c.c.C.[Tomcat].[localhost].[/]       : Initializing Spring embedded WebApplicationContext
2020-10-22 00:40:15.292  INFO 2532 --- [    Test worker] w.s.c.ServletWebServerApplicationContext : Root WebApplicationContext: initialization completed in 842 ms
2020-10-22 00:40:15.372  INFO 2532 --- [    Test worker] com.zaxxer.hikari.HikariDataSource       : HikariPool-4 - Starting...
2020-10-22 00:40:15.388  INFO 2532 --- [    Test worker] com.zaxxer.hikari.HikariDataSource       : HikariPool-4 - Start completed.
2020-10-22 00:40:15.388  INFO 2532 --- [    Test worker] o.s.b.a.h2.H2ConsoleAutoConfiguration    : H2 console available at '/h2-console'. Database available at 'jdbc:h2:file:../quizdb'
2020-10-22 00:40:15.476  INFO 2532 --- [    Test worker] o.s.s.concurrent.ThreadPoolTaskExecutor  : Initializing ExecutorService 'applicationTaskExecutor'
2020-10-22 00:40:15.484  INFO 2532 --- [         task-1] o.hibernate.jpa.internal.util.LogHelper  : HHH000204: Processing PersistenceUnitInfo [name: default]
2020-10-22 00:40:15.516  INFO 2532 --- [         task-1] org.hibernate.dialect.Dialect            : HHH000400: Using dialect: org.hibernate.dialect.H2Dialect
2020-10-22 00:40:15.548  WARN 2532 --- [    Test worker] JpaBaseConfiguration$JpaWebConfiguration : spring.jpa.open-in-view is enabled by default. Therefore, database queries may be performed during view rendering. Explicitly configure spring.jpa.open-in-view to disable this warning
2020-10-22 00:40:15.684  INFO 2532 --- [    Test worker] o.s.s.web.DefaultSecurityFilterChain     : Creating filter chain: any request, [org.springframework.security.web.context.request.async.WebAsyncManagerIntegrationFilter@4b679bc8, org.springframework.security.web.context.SecurityContextPersistenceFilter@10a28660, org.springframework.security.web.header.HeaderWriterFilter@7964b349, org.springframework.security.web.authentication.logout.LogoutFilter@14ba7943, org.springframework.security.web.authentication.www.BasicAuthenticationFilter@67bd1d2c, org.springframework.security.web.savedrequest.RequestCacheAwareFilter@4967527a, org.springframework.security.web.servletapi.SecurityContextHolderAwareRequestFilter@15454ee4, org.springframework.security.web.authentication.AnonymousAuthenticationFilter@4d20029, org.springframework.security.web.session.SessionManagementFilter@37d64733, org.springframework.security.web.access.ExceptionTranslationFilter@e4aeac4, org.springframework.security.web.access.intercept.FilterSecurityInterceptor@5e8f5da7]
2020-10-22 00:40:15.732  INFO 2532 --- [         task-1] o.h.e.t.j.p.i.JtaPlatformInitiator       : HHH000490: Using JtaPlatform implementation: [org.hibernate.engine.transaction.jta.platform.internal.NoJtaPlatform]
2020-10-22 00:40:15.732  INFO 2532 --- [         task-1] j.LocalContainerEntityManagerFactoryBean : Initialized JPA EntityManagerFactory for persistence unit 'default'
2020-10-22 00:40:15.996  INFO 2532 --- [    Test worker] o.s.b.a.e.web.EndpointLinksResolver      : Exposing 14 endpoint(s) beneath base path '/actuator'
2020-10-22 00:40:16.020  INFO 2532 --- [    Test worker] o.s.b.w.embedded.tomcat.TomcatWebServer  : Tomcat started on port(s): 8889 (http) with context path ''
2020-10-22 00:40:16.020  INFO 2532 --- [    Test worker] DeferredRepositoryInitializationListener : Triggering deferred initialization of Spring Data repositories…
2020-10-22 00:40:16.124  INFO 2532 --- [    Test worker] DeferredRepositoryInitializationListener : Spring Data repositories initialized!
2020-10-22 00:40:16.132  INFO 2532 --- [    Test worker] engine.WebQuizEngine                     : Started WebQuizEngine in 1.751 seconds (JVM running for 63.982)
?[1;31m
Start test 216?[0m
2020-10-22 00:40:16.140  INFO 2532 --- [nio-8889-exec-1] o.a.c.c.C.[Tomcat].[localhost].[/]       : Initializing Spring DispatcherServlet 'dispatcherServlet'
2020-10-22 00:40:16.140  INFO 2532 --- [nio-8889-exec-1] o.s.web.servlet.DispatcherServlet        : Initializing Servlet 'dispatcherServlet'
2020-10-22 00:40:16.148  INFO 2532 --- [nio-8889-exec-1] o.s.web.servlet.DispatcherServlet        : Completed initialization in 8 ms
Hibernate: select userdata0_.email as email1_2_, userdata0_.password as password2_2_ from user_data userdata0_ where userdata0_.email=?
Hibernate: select userdata0_.email as email1_2_, userdata0_.password as password2_2_ from user_data userdata0_ where userdata0_.email=?
Hibernate: select quiz0_.id as id1_0_, quiz0_.answers as answers2_0_, quiz0_.email as email3_0_, quiz0_.options as options4_0_, quiz0_.text as text5_0_, quiz0_.title as title6_0_ from quiz quiz0_ limit ?
?[1;31m
Start test 217?[0m
Hibernate: select userdata0_.email as email1_2_, userdata0_.password as password2_2_ from user_data userdata0_ where userdata0_.email=?
Hibernate: select userdata0_.email as email1_2_, userdata0_.password as password2_2_ from user_data userdata0_ where userdata0_.email=?
Hibernate: select quiz0_.id as id1_0_0_, quiz0_.answers as answers2_0_0_, quiz0_.email as email3_0_0_, quiz0_.options as options4_0_0_, quiz0_.text as text5_0_0_, quiz0_.title as title6_0_0_ from quiz quiz0_ where quiz0_.id=?
?[1;31m
Start test 218?[0m
Hibernate: select userdata0_.email as email1_2_, userdata0_.password as password2_2_ from user_data userdata0_ where userdata0_.email=?
Hibernate: select userdata0_.email as email1_2_, userdata0_.password as password2_2_ from user_data userdata0_ where userdata0_.email=?
Hibernate: select quiz0_.id as id1_0_0_, quiz0_.answers as answers2_0_0_, quiz0_.email as email3_0_0_, quiz0_.options as options4_0_0_, quiz0_.text as text5_0_0_, quiz0_.title as title6_0_0_ from quiz quiz0_ where quiz0_.id=?
?[1;31m
Start test 219?[0m
Hibernate: select userdata0_.email as email1_2_, userdata0_.password as password2_2_ from user_data userdata0_ where userdata0_.email=?
Hibernate: select userdata0_.email as email1_2_, userdata0_.password as password2_2_ from user_data userdata0_ where userdata0_.email=?
Hibernate: select quiz0_.id as id1_0_0_, quiz0_.answers as answers2_0_0_, quiz0_.email as email3_0_0_, quiz0_.options as options4_0_0_, quiz0_.text as text5_0_0_, quiz0_.title as title6_0_0_ from quiz quiz0_ where quiz0_.id=?
?[1;31m
Start test 220?[0m
Hibernate: select userdata0_.email as email1_2_, userdata0_.password as password2_2_ from user_data userdata0_ where userdata0_.email=?
Hibernate: select userdata0_.email as email1_2_, userdata0_.password as password2_2_ from user_data userdata0_ where userdata0_.email=?
Hibernate: select quiz0_.id as id1_0_0_, quiz0_.answers as answers2_0_0_, quiz0_.email as email3_0_0_, quiz0_.options as options4_0_0_, quiz0_.text as text5_0_0_, quiz0_.title as title6_0_0_ from quiz quiz0_ where quiz0_.id=?
?[1;31m
Start test 221?[0m
Hibernate: select userdata0_.email as email1_2_, userdata0_.password as password2_2_ from user_data userdata0_ where userdata0_.email=?
Hibernate: select userdata0_.email as email1_2_, userdata0_.password as password2_2_ from user_data userdata0_ where userdata0_.email=?
Hibernate: call next value for hibernate_sequence
Hibernate: insert into quiz (answers, email, options, text, title, id) values (?, ?, ?, ?, ?, ?)
?[1;31m
Start test 222?[0m
Hibernate: select userdata0_.email as email1_2_, userdata0_.password as password2_2_ from user_data userdata0_ where userdata0_.email=?
Hibernate: select userdata0_.email as email1_2_, userdata0_.password as password2_2_ from user_data userdata0_ where userdata0_.email=?
Hibernate: call next value for hibernate_sequence
Hibernate: insert into quiz (answers, email, options, text, title, id) values (?, ?, ?, ?, ?, ?)
?[1;31m
Start test 223?[0m
Hibernate: select userdata0_.email as email1_2_, userdata0_.password as password2_2_ from user_data userdata0_ where userdata0_.email=?
Hibernate: select userdata0_.email as email1_2_, userdata0_.password as password2_2_ from user_data userdata0_ where userdata0_.email=?
Hibernate: call next value for hibernate_sequence
Hibernate: insert into quiz (answers, email, options, text, title, id) values (?, ?, ?, ?, ?, ?)
?[1;31m
Start test 224?[0m
Hibernate: select userdata0_.email as email1_2_, userdata0_.password as password2_2_ from user_data userdata0_ where userdata0_.email=?
Hibernate: select userdata0_.email as email1_2_, userdata0_.password as password2_2_ from user_data userdata0_ where userdata0_.email=?
Hibernate: call next value for hibernate_sequence
Hibernate: insert into quiz (answers, email, options, text, title, id) values (?, ?, ?, ?, ?, ?)
?[1;31m
Start test 225?[0m
Hibernate: select userdata0_.email as email1_2_, userdata0_.password as password2_2_ from user_data userdata0_ where userdata0_.email=?
Hibernate: select userdata0_.email as email1_2_, userdata0_.password as password2_2_ from user_data userdata0_ where userdata0_.email=?
Hibernate: call next value for hibernate_sequence
Hibernate: insert into quiz (answers, email, options, text, title, id) values (?, ?, ?, ?, ?, ?)
?[1;31m
Start test 226?[0m
Hibernate: select userdata0_.email as email1_2_, userdata0_.password as password2_2_ from user_data userdata0_ where userdata0_.email=?
Hibernate: select userdata0_.email as email1_2_, userdata0_.password as password2_2_ from user_data userdata0_ where userdata0_.email=?
Hibernate: call next value for hibernate_sequence
Hibernate: insert into quiz (answers, email, options, text, title, id) values (?, ?, ?, ?, ?, ?)
?[1;31m
Start test 227?[0m
Hibernate: select userdata0_.email as email1_2_, userdata0_.password as password2_2_ from user_data userdata0_ where userdata0_.email=?
Hibernate: select userdata0_.email as email1_2_, userdata0_.password as password2_2_ from user_data userdata0_ where userdata0_.email=?
Hibernate: call next value for hibernate_sequence
Hibernate: insert into quiz (answers, email, options, text, title, id) values (?, ?, ?, ?, ?, ?)
?[1;31m
Start test 228?[0m
Hibernate: select userdata0_.email as email1_2_, userdata0_.password as password2_2_ from user_data userdata0_ where userdata0_.email=?
Hibernate: select userdata0_.email as email1_2_, userdata0_.password as password2_2_ from user_data userdata0_ where userdata0_.email=?
Hibernate: call next value for hibernate_sequence
Hibernate: insert into quiz (answers, email, options, text, title, id) values (?, ?, ?, ?, ?, ?)
?[1;31m
Start test 229?[0m
Hibernate: select userdata0_.email as email1_2_, userdata0_.password as password2_2_ from user_data userdata0_ where userdata0_.email=?
Hibernate: select userdata0_.email as email1_2_, userdata0_.password as password2_2_ from user_data userdata0_ where userdata0_.email=?
Hibernate: call next value for hibernate_sequence
Hibernate: insert into quiz (answers, email, options, text, title, id) values (?, ?, ?, ?, ?, ?)
?[1;31m
Start test 230?[0m
Hibernate: select userdata0_.email as email1_2_, userdata0_.password as password2_2_ from user_data userdata0_ where userdata0_.email=?
Hibernate: select userdata0_.email as email1_2_, userdata0_.password as password2_2_ from user_data userdata0_ where userdata0_.email=?
Hibernate: call next value for hibernate_sequence
Hibernate: insert into quiz (answers, email, options, text, title, id) values (?, ?, ?, ?, ?, ?)
?[1;31m
Start test 231?[0m
Hibernate: select userdata0_.email as email1_2_, userdata0_.password as password2_2_ from user_data userdata0_ where userdata0_.email=?
Hibernate: select userdata0_.email as email1_2_, userdata0_.password as password2_2_ from user_data userdata0_ where userdata0_.email=?
Hibernate: select quiz0_.id as id1_0_, quiz0_.answers as answers2_0_, quiz0_.email as email3_0_, quiz0_.options as options4_0_, quiz0_.text as text5_0_, quiz0_.title as title6_0_ from quiz quiz0_ limit ?
Hibernate: select count(quiz0_.id) as col_0_0_ from quiz quiz0_
?[1;31m
Start test 232?[0m
Hibernate: select userdata0_.email as email1_2_, userdata0_.password as password2_2_ from user_data userdata0_ where userdata0_.email=?
Hibernate: select userdata0_.email as email1_2_, userdata0_.password as password2_2_ from user_data userdata0_ where userdata0_.email=?
Hibernate: select quiz0_.id as id1_0_, quiz0_.answers as answers2_0_, quiz0_.email as email3_0_, quiz0_.options as options4_0_, quiz0_.text as text5_0_, quiz0_.title as title6_0_ from quiz quiz0_ limit ?
Hibernate: select count(quiz0_.id) as col_0_0_ from quiz quiz0_
?[1;31m
Start test 233?[0m
Hibernate: select userdata0_.email as email1_2_, userdata0_.password as password2_2_ from user_data userdata0_ where userdata0_.email=?
Hibernate: select userdata0_.email as email1_2_, userdata0_.password as password2_2_ from user_data userdata0_ where userdata0_.email=?
Hibernate: select quiz0_.id as id1_0_, quiz0_.answers as answers2_0_, quiz0_.email as email3_0_, quiz0_.options as options4_0_, quiz0_.text as text5_0_, quiz0_.title as title6_0_ from quiz quiz0_ limit ? offset ?
?[1;31m
Start test 234?[0m
Hibernate: select userdata0_.email as email1_2_, userdata0_.password as password2_2_ from user_data userdata0_ where userdata0_.email=?
Hibernate: select userdata0_.email as email1_2_, userdata0_.password as password2_2_ from user_data userdata0_ where userdata0_.email=?
Hibernate: select quiz0_.id as id1_0_, quiz0_.answers as answers2_0_, quiz0_.email as email3_0_, quiz0_.options as options4_0_, quiz0_.text as text5_0_, quiz0_.title as title6_0_ from quiz quiz0_ limit ? offset ?
]]></system-out>
  <system-err><![CDATA[]]></system-err>
</testsuite>
